#
# A fatal error has been detected by the Java Runtime Environment:
#
#  SIGSEGV (0xb) at pc=0x000000011063904d, pid=2567, tid=0x0000000000003703
#
# JRE version: Java(TM) SE Runtime Environment (8.0_101-b13) (build 1.8.0_101-b13)
# Java VM: Java HotSpot(TM) 64-Bit Server VM (25.101-b13 mixed mode bsd-amd64 compressed oops)
# Problematic frame:
# V  [libjvm.dylib+0x23904d]  PhaseIdealLoop::Dominators()+0x1a1
#
# Failed to write core dump. Core dumps have been disabled. To enable core dumping, try "ulimit -c unlimited" before starting Java again
#
# If you would like to submit a bug report, please visit:
#   http://bugreport.java.com/bugreport/crash.jsp
#

---------------  T H R E A D  ---------------

Current thread (0x00007fb0a9835000):  JavaThread "C2 CompilerThread0" daemon [_thread_in_native, id=14083, stack(0x000070000ae0a000,0x000070000af0a000)]

siginfo: si_signo: 11 (SIGSEGV), si_code: 0 (unknown), si_addr: 0x0000000000000000

Registers:
RAX=0x40007fb0aa2eb8d0, RBX=0x0000000000000000, RCX=0x0000000000000638, RDX=0x000000012869b1e0
RSP=0x000070000af02a20, RBP=0x000070000af02ad0, RSI=0x0000000000000296, RDI=0x000000012869b1e0
R8 =0x000000012869b1e0, R9 =0x0000000000000000, R10=0x0000000000000294, R11=0x00000000000026f0
R12=0x000000012867c010, R13=0x000070000af08f80, R14=0x000070000af04de8, R15=0x000070000af02a60
RIP=0x000000011063904d, EFLAGS=0x0000000000010246, ERR=0x0000000000000000
  TRAPNO=0x000000000000000d

Top of Stack: (sp=0x000070000af02a20)
0x000070000af02a20:   0000000000000637 00000000000010b2
0x000070000af02a30:   00007fb0ab9ada10 000000012867c010
0x000070000af02a40:   000000012869b190 00007fb0aa2eb898
0x000070000af02a50:   000070000af02aa0 000070000af04de8
0x000070000af02a60:   0000000110cd5c00 00007fb0a8c0c2c0
0x000070000af02a70:   0000000000000200 00007fb0a9cc2d00
0x000070000af02a80:   00007fb0a8c0c2c0 00007fb0a9c92200
0x000070000af02a90:   00007fb0a9c9c1b0 00007fb0a9c9c1b0
0x000070000af02aa0:   0000000000151b30 000070000af04de8
0x000070000af02ab0:   00007fb0acbddc10 000070000af08f80
0x000070000af02ac0:   00007fb0a8d5ea40 0000000000000006
0x000070000af02ad0:   000070000af02e10 00000001107e10b5
0x000070000af02ae0:   00007fb0a9341530 00007fb0ac9895e8
0x000070000af02af0:   0000700000000000 00007fb0a8c0c2c0
0x000070000af02b00:   000000010af02b50 000000011063d529
0x000070000af02b10:   000070000af08f80 000070000af02c60
0x000070000af02b20:   00007fb0abcacc30 00007fff5dc6c765
0x000070000af02b30:   000070000af02d30 0000000100000000
0x000070000af02b40:   0000000000000000 0000000000000000
0x000070000af02b50:   0000000125d6f000 000070000af02cf0
0x000070000af02b60:   0000000000000000 000000010fb16000
0x000070000af02b70:   0000000000020010 0000000000020010
0x000070000af02b80:   000070000af02c50 00007fff5dc6839d
0x000070000af02b90:   00007fb0aa4a3118 0000000000010000
0x000070000af02ba0:   0000000000000000 00007fff5dc681bd
0x000070000af02bb0:   0000000000013f00 000070000af02c40
0x000070000af02bc0:   000070000af08f80 0000000000000000
0x000070000af02bd0:   00000001109e5c46 00007fff5dc67401
0x000070000af02be0:   00000100000000c3 0000000000000000
0x000070000af02bf0:   000070000000000f 00007fb0a9143500
0x000070000af02c00:   000000400000000e 0000000000000000
0x000070000af02c10:   00007fb00000000f 00007fb0ac953480 

Instructions: (pc=0x000000011063904d)
0x000000011063902d:   ff 48 8b 00 48 89 85 78 ff ff ff 83 78 18 00 74
0x000000011063903d:   7c 31 db 89 db 48 8b 85 78 ff ff ff 48 8b 40 08
0x000000011063904d:   48 8b 3c d8 48 85 ff 74 56 48 8b 07 ff 50 10 84
0x000000011063905d:   c0 74 4c 48 8b 85 78 ff ff ff 48 8b 40 08 48 8b 

Register to memory mapping:

RAX=0x40007fb0aa2eb8d0 is an unknown value
RBX=0x0000000000000000 is an unknown value
RCX=0x0000000000000638 is an unknown value
RDX=0x000000012869b1e0 is an unknown value
RSP=0x000070000af02a20 is pointing into the stack for thread: 0x00007fb0a9835000
RBP=0x000070000af02ad0 is pointing into the stack for thread: 0x00007fb0a9835000
RSI=0x0000000000000296 is an unknown value
RDI=0x000000012869b1e0 is an unknown value
R8 =0x000000012869b1e0 is an unknown value
R9 =0x0000000000000000 is an unknown value
R10=0x0000000000000294 is an unknown value
R11=0x00000000000026f0 is an unknown value
R12=0x000000012867c010 is an unknown value
R13=0x000070000af08f80 is pointing into the stack for thread: 0x00007fb0a9835000
R14=0x000070000af04de8 is pointing into the stack for thread: 0x00007fb0a9835000
R15=0x000070000af02a60 is pointing into the stack for thread: 0x00007fb0a9835000


Stack: [0x000070000ae0a000,0x000070000af0a000],  sp=0x000070000af02a20,  free space=994k
Native frames: (J=compiled Java code, j=interpreted, Vv=VM code, C=native code)
V  [libjvm.dylib+0x23904d]  PhaseIdealLoop::Dominators()+0x1a1
V  [libjvm.dylib+0x3e10b5]  PhaseIdealLoop::build_and_optimize(bool, bool)+0x3cd
V  [libjvm.dylib+0x1afb83]  Compile::Optimize()+0x55f
V  [libjvm.dylib+0x1b2d18]  Compile::Compile(ciEnv*, C2Compiler*, ciMethod*, int, bool, bool, bool)+0x8d4
V  [libjvm.dylib+0x1504ce]  C2Compiler::compile_method(ciEnv*, ciMethod*, int)+0xac
V  [libjvm.dylib+0x1b644c]  CompileBroker::invoke_compiler_on_method(CompileTask*)+0x5b2
V  [libjvm.dylib+0x1b8993]  CompileBroker::compiler_thread_loop()+0x291
V  [libjvm.dylib+0x5695ab]  JavaThread::thread_main_inner()+0x9b
V  [libjvm.dylib+0x56ac98]  JavaThread::run()+0x1c2
V  [libjvm.dylib+0x48933a]  java_start(Thread*)+0xf6
C  [libsystem_pthread.dylib+0x3661]  _pthread_body+0x154
C  [libsystem_pthread.dylib+0x350d]  _pthread_body+0x0
C  [libsystem_pthread.dylib+0x2bf9]  thread_start+0xd
C  0x0000000000000000


Current CompileTask:
C2:  10925 4405   !   4       org.springframework.core.annotation.AnnotatedElementUtils::searchWithFindSemantics (774 bytes)


---------------  P R O C E S S  ---------------

Java Threads: ( => current thread )
  0x00007fb0aa448800 JavaThread "HikariPool-1 connection adder" daemon [_thread_blocked, id=17159, stack(0x000070000b828000,0x000070000b928000)]
  0x00007fb0a991b800 JavaThread "HikariPool-1 housekeeper" daemon [_thread_blocked, id=4615, stack(0x000070000b725000,0x000070000b825000)]
  0x00007fb0ab949800 JavaThread "mysql-cj-abandoned-connection-cleanup" daemon [_thread_blocked, id=16391, stack(0x000070000b622000,0x000070000b722000)]
  0x00007fb0a93c0800 JavaThread "/0:0:0:0:0:0:0:1:52722 to /0:0:0:0:0:0:0:1:52717 workers Thread 3" [_thread_in_native, id=16131, stack(0x000070000b51f000,0x000070000b61f000)]
  0x00007fb0aa0ec800 JavaThread "/0:0:0:0:0:0:0:1:52722 to /0:0:0:0:0:0:0:1:52717 workers Thread 2" [_thread_blocked, id=15619, stack(0x000070000b41c000,0x000070000b51c000)]
  0x00007fb0a9c37000 JavaThread "Test worker" [_thread_in_Java, id=15107, stack(0x000070000b319000,0x000070000b419000)]
  0x00007fb0aa00c000 JavaThread "Service Thread" daemon [_thread_blocked, id=17923, stack(0x000070000b113000,0x000070000b213000)]
  0x00007fb0aa008800 JavaThread "C1 CompilerThread2" daemon [_thread_blocked, id=18179, stack(0x000070000b010000,0x000070000b110000)]
  0x00007fb0a9888000 JavaThread "C2 CompilerThread1" daemon [_thread_in_native, id=18691, stack(0x000070000af0d000,0x000070000b00d000)]
=>0x00007fb0a9835000 JavaThread "C2 CompilerThread0" daemon [_thread_in_native, id=14083, stack(0x000070000ae0a000,0x000070000af0a000)]
  0x00007fb0a9833000 JavaThread "Signal Dispatcher" daemon [_thread_blocked, id=19207, stack(0x000070000ad07000,0x000070000ae07000)]
  0x00007fb0a9019000 JavaThread "Finalizer" daemon [_thread_blocked, id=12291, stack(0x000070000ac04000,0x000070000ad04000)]
  0x00007fb0a980f800 JavaThread "Reference Handler" daemon [_thread_blocked, id=12035, stack(0x000070000ab01000,0x000070000ac01000)]
  0x00007fb0a9009800 JavaThread "main" [_thread_blocked, id=5635, stack(0x000070000a4ef000,0x000070000a5ef000)]

Other Threads:
  0x00007fb0aa803000 VMThread [stack: 0x000070000a9fe000,0x000070000aafe000] [id=11523]
  0x00007fb0a9033800 WatcherThread [stack: 0x000070000b216000,0x000070000b316000] [id=14595]

VM state:not at safepoint (normal execution)

VM Mutex/Monitor currently owned by a thread: None

Heap:
 PSYoungGen      total 155648K, used 49693K [0x00000007b5580000, 0x00000007c0000000, 0x00000007c0000000)
  eden space 144896K, 26% used [0x00000007b5580000,0x00000007b7baacf8,0x00000007be300000)
  from space 10752K, 98% used [0x00000007bf580000,0x00000007bffdca48,0x00000007c0000000)
  to   space 14848K, 0% used [0x00000007be300000,0x00000007be300000,0x00000007bf180000)
 ParOldGen       total 48128K, used 28152K [0x00000007a0000000, 0x00000007a2f00000, 0x00000007b5580000)
  object space 48128K, 58% used [0x00000007a0000000,0x00000007a1b7e3d8,0x00000007a2f00000)
 Metaspace       used 55823K, capacity 58294K, committed 58368K, reserved 1099776K
  class space    used 7726K, capacity 8164K, committed 8192K, reserved 1048576K

Card table byte_map: [0x000000011175d000,0x000000011185e000] byte_map_base: 0x000000010da5d000

Marking Bits: (ParMarkBitMap*) 0x0000000110cedd20
 Begin Bits: [0x0000000111909000, 0x0000000112109000)
 End Bits:   [0x0000000112109000, 0x0000000112909000)

Polling page: 0x000000010fb76000

CodeCache: size=245760Kb used=14386Kb max_used=14389Kb free=231373Kb
 bounds [0x0000000114a46000, 0x0000000115866000, 0x0000000123a46000]
 total_blobs=4655 nmethods=4115 adapters=452
 compilation: enabled

Compilation events (10 events):
Event: 10.801 Thread 0x00007fb0aa008800 4585       1       org.springframework.aop.framework.autoproxy.AbstractAutoProxyCreator::postProcessAfterInstantiation (2 bytes)
Event: 10.801 Thread 0x00007fb0aa008800 nmethod 4585 0x0000000115853010 code [0x0000000115853160, 0x0000000115853270]
Event: 10.805 Thread 0x00007fb0aa008800 4586       2       org.springframework.aop.framework.AbstractAdvisingBeanPostProcessor::postProcessBeforeInitialization (2 bytes)
Event: 10.805 Thread 0x00007fb0aa008800 nmethod 4586 0x00000001158532d0 code [0x0000000115853420, 0x0000000115853570]
Event: 10.815 Thread 0x00007fb0aa008800 4587       2       org.springframework.beans.factory.support.AbstractBeanFactory::getBean (9 bytes)
Event: 10.815 Thread 0x00007fb0aa008800 nmethod 4587 0x0000000115858f90 code [0x0000000115859100, 0x0000000115859288]
Event: 10.819 Thread 0x00007fb0a9888000 nmethod 4479 0x0000000115859310 code [0x0000000115859720, 0x000000011585c350]
Event: 10.819 Thread 0x00007fb0a9888000 4542       4       org.springframework.core.annotation.AnnotationUtils::postProcessAnnotationAttributes (163 bytes)
Event: 10.839 Thread 0x00007fb0aa008800 4589       2       org.springframework.util.ConcurrentReferenceHashMap::calculateShift (26 bytes)
Event: 10.840 Thread 0x00007fb0aa008800 nmethod 4589 0x0000000115858bd0 code [0x0000000115858d40, 0x0000000115858ed0]

GC Heap History (10 events):
Event: 4.932 GC heap before
{Heap before GC invocations=10 (full 1):
 PSYoungGen      total 116736K, used 116715K [0x00000007b5580000, 0x00000007be080000, 0x00000007c0000000)
  eden space 110080K, 100% used [0x00000007b5580000,0x00000007bc100000,0x00000007bc100000)
  from space 6656K, 99% used [0x00000007bda00000,0x00000007be07aca8,0x00000007be080000)
  to   space 7680K, 0% used [0x00000007bd180000,0x00000007bd180000,0x00000007bd900000)
 ParOldGen       total 30208K, used 6641K [0x00000007a0000000, 0x00000007a1d80000, 0x00000007b5580000)
  object space 30208K, 21% used [0x00000007a0000000,0x00000007a067c6e0,0x00000007a1d80000)
 Metaspace       used 30989K, capacity 32140K, committed 32384K, reserved 1077248K
  class space    used 4127K, capacity 4383K, committed 4480K, reserved 1048576K
Event: 4.947 GC heap after
Heap after GC invocations=10 (full 1):
 PSYoungGen      total 134656K, used 7663K [0x00000007b5580000, 0x00000007bff00000, 0x00000007c0000000)
  eden space 126976K, 0% used [0x00000007b5580000,0x00000007b5580000,0x00000007bd180000)
  from space 7680K, 99% used [0x00000007bd180000,0x00000007bd8fbd30,0x00000007bd900000)
  to   space 9728K, 0% used [0x00000007bf580000,0x00000007bf580000,0x00000007bff00000)
 ParOldGen       total 30208K, used 8506K [0x00000007a0000000, 0x00000007a1d80000, 0x00000007b5580000)
  object space 30208K, 28% used [0x00000007a0000000,0x00000007a084e808,0x00000007a1d80000)
 Metaspace       used 30989K, capacity 32140K, committed 32384K, reserved 1077248K
  class space    used 4127K, capacity 4383K, committed 4480K, reserved 1048576K
}
Event: 5.613 GC heap before
{Heap before GC invocations=11 (full 1):
 PSYoungGen      total 134656K, used 47154K [0x00000007b5580000, 0x00000007bff00000, 0x00000007c0000000)
  eden space 126976K, 31% used [0x00000007b5580000,0x00000007b7c10e00,0x00000007bd180000)
  from space 7680K, 99% used [0x00000007bd180000,0x00000007bd8fbd30,0x00000007bd900000)
  to   space 9728K, 0% used [0x00000007bf580000,0x00000007bf580000,0x00000007bff00000)
 ParOldGen       total 30208K, used 8506K [0x00000007a0000000, 0x00000007a1d80000, 0x00000007b5580000)
  object space 30208K, 28% used [0x00000007a0000000,0x00000007a084e808,0x00000007a1d80000)
 Metaspace       used 34140K, capacity 35386K, committed 35496K, reserved 1079296K
  class space    used 4483K, capacity 4754K, committed 4864K, reserved 1048576K
Event: 5.628 GC heap after
Heap after GC invocations=11 (full 1):
 PSYoungGen      total 163840K, used 6854K [0x00000007b5580000, 0x00000007c0000000, 0x00000007c0000000)
  eden space 154112K, 0% used [0x00000007b5580000,0x00000007b5580000,0x00000007bec00000)
  from space 9728K, 70% used [0x00000007bf580000,0x00000007bfc31800,0x00000007bff00000)
  to   space 9728K, 0% used [0x00000007bec00000,0x00000007bec00000,0x00000007bf580000)
 ParOldGen       total 30208K, used 10950K [0x00000007a0000000, 0x00000007a1d80000, 0x00000007b5580000)
  object space 30208K, 36% used [0x00000007a0000000,0x00000007a0ab1858,0x00000007a1d80000)
 Metaspace       used 34140K, capacity 35386K, committed 35496K, reserved 1079296K
  class space    used 4483K, capacity 4754K, committed 4864K, reserved 1048576K
}
Event: 5.628 GC heap before
{Heap before GC invocations=12 (full 2):
 PSYoungGen      total 163840K, used 6854K [0x00000007b5580000, 0x00000007c0000000, 0x00000007c0000000)
  eden space 154112K, 0% used [0x00000007b5580000,0x00000007b5580000,0x00000007bec00000)
  from space 9728K, 70% used [0x00000007bf580000,0x00000007bfc31800,0x00000007bff00000)
  to   space 9728K, 0% used [0x00000007bec00000,0x00000007bec00000,0x00000007bf580000)
 ParOldGen       total 30208K, used 10950K [0x00000007a0000000, 0x00000007a1d80000, 0x00000007b5580000)
  object space 30208K, 36% used [0x00000007a0000000,0x00000007a0ab1858,0x00000007a1d80000)
 Metaspace       used 34140K, capacity 35386K, committed 35496K, reserved 1079296K
  class space    used 4483K, capacity 4754K, committed 4864K, reserved 1048576K
Event: 5.728 GC heap after
Heap after GC invocations=12 (full 2):
 PSYoungGen      total 163840K, used 0K [0x00000007b5580000, 0x00000007c0000000, 0x00000007c0000000)
  eden space 154112K, 0% used [0x00000007b5580000,0x00000007b5580000,0x00000007bec00000)
  from space 9728K, 0% used [0x00000007bf580000,0x00000007bf580000,0x00000007bff00000)
  to   space 9728K, 0% used [0x00000007bec00000,0x00000007bec00000,0x00000007bf580000)
 ParOldGen       total 48128K, used 13638K [0x00000007a0000000, 0x00000007a2f00000, 0x00000007b5580000)
  object space 48128K, 28% used [0x00000007a0000000,0x00000007a0d51888,0x00000007a2f00000)
 Metaspace       used 34140K, capacity 35386K, committed 35496K, reserved 1079296K
  class space    used 4483K, capacity 4754K, committed 4864K, reserved 1048576K
}
Event: 8.431 GC heap before
{Heap before GC invocations=13 (full 2):
 PSYoungGen      total 163840K, used 154112K [0x00000007b5580000, 0x00000007c0000000, 0x00000007c0000000)
  eden space 154112K, 100% used [0x00000007b5580000,0x00000007bec00000,0x00000007bec00000)
  from space 9728K, 0% used [0x00000007bf580000,0x00000007bf580000,0x00000007bff00000)
  to   space 9728K, 0% used [0x00000007bec00000,0x00000007bec00000,0x00000007bf580000)
 ParOldGen       total 48128K, used 13638K [0x00000007a0000000, 0x00000007a2f00000, 0x00000007b5580000)
  object space 48128K, 28% used [0x00000007a0000000,0x00000007a0d51888,0x00000007a2f00000)
 Metaspace       used 49595K, capacity 51074K, committed 51584K, reserved 1093632K
  class space    used 6862K, capacity 7192K, committed 7296K, reserved 1048576K
Event: 8.457 GC heap after
Heap after GC invocations=13 (full 2):
 PSYoungGen      total 163840K, used 9724K [0x00000007b5580000, 0x00000007c0000000, 0x00000007c0000000)
  eden space 154112K, 0% used [0x00000007b5580000,0x00000007b5580000,0x00000007bec00000)
  from space 9728K, 99% used [0x00000007bec00000,0x00000007bf57f138,0x00000007bf580000)
  to   space 10752K, 0% used [0x00000007bf580000,0x00000007bf580000,0x00000007c0000000)
 ParOldGen       total 48128K, used 22111K [0x00000007a0000000, 0x00000007a2f00000, 0x00000007b5580000)
  object space 48128K, 45% used [0x00000007a0000000,0x00000007a1597fe0,0x00000007a2f00000)
 Metaspace       used 49595K, capacity 51074K, committed 51584K, reserved 1093632K
  class space    used 6862K, capacity 7192K, committed 7296K, reserved 1048576K
}
Event: 10.519 GC heap before
{Heap before GC invocations=14 (full 2):
 PSYoungGen      total 163840K, used 163836K [0x00000007b5580000, 0x00000007c0000000, 0x00000007c0000000)
  eden space 154112K, 100% used [0x00000007b5580000,0x00000007bec00000,0x00000007bec00000)
  from space 9728K, 99% used [0x00000007bec00000,0x00000007bf57f138,0x00000007bf580000)
  to   space 10752K, 0% used [0x00000007bf580000,0x00000007bf580000,0x00000007c0000000)
 ParOldGen       total 48128K, used 22111K [0x00000007a0000000, 0x00000007a2f00000, 0x00000007b5580000)
  object space 48128K, 45% used [0x00000007a0000000,0x00000007a1597fe0,0x00000007a2f00000)
 Metaspace       used 55473K, capacity 57874K, committed 58112K, reserved 1099776K
  class space    used 7683K, capacity 8110K, committed 8192K, reserved 1048576K
Event: 10.545 GC heap after
Heap after GC invocations=14 (full 2):
 PSYoungGen      total 155648K, used 10610K [0x00000007b5580000, 0x00000007c0000000, 0x00000007c0000000)
  eden space 144896K, 0% used [0x00000007b5580000,0x00000007b5580000,0x00000007be300000)
  from space 10752K, 98% used [0x00000007bf580000,0x00000007bffdca48,0x00000007c0000000)
  to   space 14848K, 0% used [0x00000007be300000,0x00000007be300000,0x00000007bf180000)
 ParOldGen       total 48128K, used 28152K [0x00000007a0000000, 0x00000007a2f00000, 0x00000007b5580000)
  object space 48128K, 58% used [0x00000007a0000000,0x00000007a1b7e3d8,0x00000007a2f00000)
 Metaspace       used 55473K, capacity 57874K, committed 58112K, reserved 1099776K
  class space    used 7683K, capacity 8110K, committed 8192K, reserved 1048576K
}

Deoptimization events (10 events):
Event: 8.820 Thread 0x00007fb0a9c37000 Uncommon trap: reason=class_check action=maybe_recompile pc=0x000000011544f2b8 method=org.springframework.beans.factory.support.AbstractBeanFactory.isTypeMatch(Ljava/lang/String;Lorg/springframework/core/ResolvableType;)Z @ 47
Event: 8.995 Thread 0x00007fb0a9c37000 Uncommon trap: reason=unstable_if action=reinterpret pc=0x0000000114f0eaa8 method=org.springframework.util.ConcurrentReferenceHashMap$Segment.restructureIfNecessary(Z)V @ 34
Event: 9.114 Thread 0x00007fb0a9c37000 Uncommon trap: reason=unstable_if action=reinterpret pc=0x0000000115394e2c method=org.springframework.util.ConcurrentReferenceHashMap$Segment.findInChain(Lorg/springframework/util/ConcurrentReferenceHashMap$Reference;Ljava/lang/Object;I)Lorg/springframewo
Event: 9.216 Thread 0x00007fb0a9c37000 Uncommon trap: reason=class_check action=maybe_recompile pc=0x000000011544f2b8 method=org.springframework.beans.factory.support.AbstractBeanFactory.isTypeMatch(Ljava/lang/String;Lorg/springframework/core/ResolvableType;)Z @ 47
Event: 9.251 Thread 0x00007fb0a9c37000 Uncommon trap: reason=unstable_if action=reinterpret pc=0x0000000114b55704 method=java.util.WeakHashMap.put(Ljava/lang/Object;Ljava/lang/Object;)Ljava/lang/Object; @ 47
Event: 10.043 Thread 0x00007fb0a9c37000 Uncommon trap: reason=null_check action=make_not_entrant pc=0x00000001157d0d64 method=org.springframework.core.annotation.AnnotatedElementUtils.searchWithFindSemantics(Ljava/lang/reflect/AnnotatedElement;Ljava/util/Set;Ljava/lang/String;Ljava/lang/Class;L
Event: 10.129 Thread 0x00007fb0a9c37000 Uncommon trap: reason=unstable_if action=reinterpret pc=0x0000000115475b1c method=java.util.concurrent.ConcurrentHashMap.putVal(Ljava/lang/Object;Ljava/lang/Object;Z)Ljava/lang/Object; @ 331
Event: 10.585 Thread 0x00007fb0a9c37000 Uncommon trap: reason=unstable_if action=reinterpret pc=0x0000000115126404 method=org.springframework.beans.factory.support.AbstractBeanFactory.isTypeMatch(Ljava/lang/String;Lorg/springframework/core/ResolvableType;)Z @ 26
Event: 10.729 Thread 0x00007fb0a9c37000 Uncommon trap: reason=unstable_if action=reinterpret pc=0x0000000114e9c214 method=java.util.concurrent.ConcurrentHashMap.transfer([Ljava/util/concurrent/ConcurrentHashMap$Node;[Ljava/util/concurrent/ConcurrentHashMap$Node;)V @ 356
Event: 10.730 Thread 0x00007fb0a9c37000 Uncommon trap: reason=unstable_if action=reinterpret pc=0x0000000114e3ce00 method=java.util.concurrent.ConcurrentHashMap.transfer([Ljava/util/concurrent/ConcurrentHashMap$Node;[Ljava/util/concurrent/ConcurrentHashMap$Node;)V @ 356

Internal exceptions (10 events):
Event: 10.842 Thread 0x00007fb0a9c37000 Exception <a 'java/lang/ClassNotFoundException': org/springframework/boot/autoconfigure/orm/jpa/HibernateJpaAutoConfiguration$$EnhancerBySpringCGLIB$$f6e5b8a0Customizer> (0x00000007b72a7940) thrown at [/HUDSON3/workspace/8-2-build-macosx-x86_64/jdk8u101/7
Event: 10.842 Thread 0x00007fb0a9c37000 Exception <a 'java/lang/ClassNotFoundException': org/springframework/context/annotation/ConfigurationClassEnhancer$EnhancedConfigurationCustomizer> (0x00000007b72d0f98) thrown at [/HUDSON3/workspace/8-2-build-macosx-x86_64/jdk8u101/7261/hotspot/src/share/
Event: 10.843 Thread 0x00007fb0a9c37000 Exception <a 'java/lang/ClassNotFoundException': org/springframework/beans/factory/BeanFactoryAwareCustomizer> (0x00000007b72eaf00) thrown at [/HUDSON3/workspace/8-2-build-macosx-x86_64/jdk8u101/7261/hotspot/src/share/vm/classfile/systemDictionary.cpp, li
Event: 10.844 Thread 0x00007fb0a9c37000 Exception <a 'java/lang/ClassNotFoundException': org/springframework/beans/factory/AwareCustomizer> (0x00000007b7303048) thrown at [/HUDSON3/workspace/8-2-build-macosx-x86_64/jdk8u101/7261/hotspot/src/share/vm/classfile/systemDictionary.cpp, line 210]
Event: 10.845 Thread 0x00007fb0a9c37000 Exception <a 'java/lang/ClassNotFoundException': java/lang/ObjectCustomizer> (0x00000007b7314520) thrown at [/HUDSON3/workspace/8-2-build-macosx-x86_64/jdk8u101/7261/hotspot/src/share/vm/classfile/systemDictionary.cpp, line 210]
Event: 10.846 Thread 0x00007fb0a9c37000 Exception <a 'java/lang/ClassNotFoundException': org/springframework/boot/autoconfigure/context/ConfigurationPropertiesAutoConfigurationCustomizer> (0x00000007b733b8f8) thrown at [/HUDSON3/workspace/8-2-build-macosx-x86_64/jdk8u101/7261/hotspot/src/share/
Event: 10.847 Thread 0x00007fb0a9c37000 Exception <a 'java/lang/ClassNotFoundException': org/springframework/boot/autoconfigure/context/ConfigurationPropertiesAutoConfiguration$$EnhancerBySpringCGLIB$$7ce8dfceCustomizer> (0x00000007b7369160) thrown at [/HUDSON3/workspace/8-2-build-macosx-x86_64
Event: 10.848 Thread 0x00007fb0a9c37000 Exception <a 'java/lang/ClassNotFoundException': org/springframework/context/annotation/ConfigurationClassEnhancer$EnhancedConfigurationCustomizer> (0x00000007b7392ca8) thrown at [/HUDSON3/workspace/8-2-build-macosx-x86_64/jdk8u101/7261/hotspot/src/share/
Event: 10.849 Thread 0x00007fb0a9c37000 Exception <a 'java/lang/ClassNotFoundException': org/springframework/beans/factory/BeanFactoryAwareCustomizer> (0x00000007b73acc10) thrown at [/HUDSON3/workspace/8-2-build-macosx-x86_64/jdk8u101/7261/hotspot/src/share/vm/classfile/systemDictionary.cpp, li
Event: 10.849 Thread 0x00007fb0a9c37000 Exception <a 'java/lang/ClassNotFoundException': org/springframework/beans/factory/AwareCustomizer> (0x00000007b73c4d58) thrown at [/HUDSON3/workspace/8-2-build-macosx-x86_64/jdk8u101/7261/hotspot/src/share/vm/classfile/systemDictionary.cpp, line 210]

Events (10 events):
Event: 10.848 loading class org/springframework/beans/factory/BeanFactoryAwareCustomizer
Event: 10.848 loading class org/springframework/beans/factory/BeanFactoryAwareCustomizer done
Event: 10.848 loading class org/springframework/beans/factory/BeanFactoryAwareCustomizer
Event: 10.848 loading class org/springframework/beans/factory/BeanFactoryAwareCustomizer done
Event: 10.849 loading class org/springframework/beans/factory/AwareCustomizer
Event: 10.849 loading class org/springframework/beans/factory/AwareCustomizer done
Event: 10.849 loading class org/springframework/beans/factory/AwareCustomizer
Event: 10.849 loading class org/springframework/beans/factory/AwareCustomizer done
Event: 10.849 loading class org/springframework/beans/factory/AwareCustomizer
Event: 10.849 loading class org/springframework/beans/factory/AwareCustomizer done


Dynamic libraries:
0x000000000e0d0000 	/System/Library/Frameworks/Cocoa.framework/Versions/A/Cocoa
0x000000000e0d0000 	/System/Library/Frameworks/Security.framework/Versions/A/Security
0x000000000e0d0000 	/System/Library/Frameworks/ApplicationServices.framework/Versions/A/ApplicationServices
0x000000000e0d0000 	/usr/lib/libz.1.dylib
0x000000000e0d0000 	/usr/lib/libSystem.B.dylib
0x000000000e0d0000 	/usr/lib/libobjc.A.dylib
0x000000000e0d0000 	/System/Library/Frameworks/CoreFoundation.framework/Versions/A/CoreFoundation
0x000000000e0d0000 	/System/Library/Frameworks/Foundation.framework/Versions/C/Foundation
0x000000000e0d0000 	/System/Library/Frameworks/AppKit.framework/Versions/C/AppKit
0x000000000e0d0000 	/System/Library/Frameworks/CoreData.framework/Versions/A/CoreData
0x000000000e0d0000 	/System/Library/PrivateFrameworks/RemoteViewServices.framework/Versions/A/RemoteViewServices
0x000000000e0d0000 	/System/Library/PrivateFrameworks/UIFoundation.framework/Versions/A/UIFoundation
0x000000000e0d0000 	/System/Library/PrivateFrameworks/DFRFoundation.framework/Versions/A/DFRFoundation
0x000000000e0d0000 	/System/Library/Frameworks/Metal.framework/Versions/A/Metal
0x000000000e0d0000 	/System/Library/PrivateFrameworks/DesktopServicesPriv.framework/Versions/A/DesktopServicesPriv
0x000000000e0d0000 	/usr/lib/libenergytrace.dylib
0x000000000e0d0000 	/System/Library/PrivateFrameworks/SkyLight.framework/Versions/A/SkyLight
0x000000000e0d0000 	/System/Library/Frameworks/CoreGraphics.framework/Versions/A/CoreGraphics
0x000000000e0d0000 	/usr/lib/libScreenReader.dylib
0x000000000e0d0000 	/System/Library/Frameworks/Accelerate.framework/Versions/A/Accelerate
0x000000000e0d0000 	/System/Library/Frameworks/IOSurface.framework/Versions/A/IOSurface
0x000000000e0d0000 	/System/Library/Frameworks/AudioToolbox.framework/Versions/A/AudioToolbox
0x000000000e0d0000 	/System/Library/Frameworks/AudioUnit.framework/Versions/A/AudioUnit
0x000000000e0d0000 	/System/Library/PrivateFrameworks/DataDetectorsCore.framework/Versions/A/DataDetectorsCore
0x000000000e0d0000 	/System/Library/Frameworks/Carbon.framework/Versions/A/Frameworks/HIToolbox.framework/Versions/A/HIToolbox
0x000000000e0d0000 	/usr/lib/libicucore.A.dylib
0x000000000e0d0000 	/System/Library/Frameworks/QuartzCore.framework/Versions/A/QuartzCore
0x000000000e0d0000 	/System/Library/PrivateFrameworks/SignpostNotification.framework/Versions/A/SignpostNotification
0x000000000e0d0000 	/System/Library/Frameworks/Carbon.framework/Versions/A/Frameworks/SpeechRecognition.framework/Versions/A/SpeechRecognition
0x000000000e0d0000 	/usr/lib/libauto.dylib
0x000000000e0d0000 	/usr/lib/libxml2.2.dylib
0x000000000e0d0000 	/System/Library/PrivateFrameworks/CoreUI.framework/Versions/A/CoreUI
0x000000000e0d0000 	/System/Library/Frameworks/CoreAudio.framework/Versions/A/CoreAudio
0x000000000e0d0000 	/System/Library/Frameworks/DiskArbitration.framework/Versions/A/DiskArbitration
0x000000000e0d0000 	/usr/lib/liblangid.dylib
0x000000000e0d0000 	/System/Library/PrivateFrameworks/MultitouchSupport.framework/Versions/A/MultitouchSupport
0x000000000e0d0000 	/System/Library/Frameworks/IOKit.framework/Versions/A/IOKit
0x000000000e0d0000 	/usr/lib/libDiagnosticMessagesClient.dylib
0x000000000e0d0000 	/System/Library/Frameworks/CoreServices.framework/Versions/A/CoreServices
0x000000000e0d0000 	/System/Library/PrivateFrameworks/PerformanceAnalysis.framework/Versions/A/PerformanceAnalysis
0x000000000e0d0000 	/System/Library/Frameworks/OpenGL.framework/Versions/A/OpenGL
0x000000000e0d0000 	/System/Library/Frameworks/ColorSync.framework/Versions/A/ColorSync
0x000000000e0d0000 	/System/Library/Frameworks/CoreImage.framework/Versions/A/CoreImage
0x000000000e0d0000 	/System/Library/Frameworks/CoreText.framework/Versions/A/CoreText
0x000000000e0d0000 	/System/Library/Frameworks/ImageIO.framework/Versions/A/ImageIO
0x000000000e0d0000 	/System/Library/PrivateFrameworks/Backup.framework/Versions/A/Backup
0x000000000e0d0000 	/usr/lib/libarchive.2.dylib
0x000000000e0d0000 	/System/Library/Frameworks/CFNetwork.framework/Versions/A/CFNetwork
0x000000000e0d0000 	/System/Library/Frameworks/SystemConfiguration.framework/Versions/A/SystemConfiguration
0x000000000e0d0000 	/usr/lib/libCRFSuite.dylib
0x000000000e0d0000 	/usr/lib/libc++.1.dylib
0x000000000e0d0000 	/usr/lib/libc++abi.dylib
0x000000000e0d0000 	/usr/lib/system/libcache.dylib
0x000000000e0d0000 	/usr/lib/system/libcommonCrypto.dylib
0x000000000e0d0000 	/usr/lib/system/libcompiler_rt.dylib
0x000000000e0d0000 	/usr/lib/system/libcopyfile.dylib
0x000000000e0d0000 	/usr/lib/system/libcorecrypto.dylib
0x000000000e0d0000 	/usr/lib/system/libdispatch.dylib
0x000000000e0d0000 	/usr/lib/system/libdyld.dylib
0x000000000e0d0000 	/usr/lib/system/libkeymgr.dylib
0x000000000e0d0000 	/usr/lib/system/liblaunch.dylib
0x000000000e0d0000 	/usr/lib/system/libmacho.dylib
0x000000000e0d0000 	/usr/lib/system/libquarantine.dylib
0x000000000e0d0000 	/usr/lib/system/libremovefile.dylib
0x000000000e0d0000 	/usr/lib/system/libsystem_asl.dylib
0x000000000e0d0000 	/usr/lib/system/libsystem_blocks.dylib
0x000000000e0d0000 	/usr/lib/system/libsystem_c.dylib
0x000000000e0d0000 	/usr/lib/system/libsystem_configuration.dylib
0x000000000e0d0000 	/usr/lib/system/libsystem_coreservices.dylib
0x000000000e0d0000 	/usr/lib/system/libsystem_darwin.dylib
0x000000000e0d0000 	/usr/lib/system/libsystem_dnssd.dylib
0x000000000e0d0000 	/usr/lib/system/libsystem_info.dylib
0x000000000e0d0000 	/usr/lib/system/libsystem_m.dylib
0x000000000e0d0000 	/usr/lib/system/libsystem_malloc.dylib
0x000000000e0d0000 	/usr/lib/system/libsystem_network.dylib
0x000000000e0d0000 	/usr/lib/system/libsystem_networkextension.dylib
0x000000000e0d0000 	/usr/lib/system/libsystem_notify.dylib
0x000000000e0d0000 	/usr/lib/system/libsystem_sandbox.dylib
0x000000000e0d0000 	/usr/lib/system/libsystem_secinit.dylib
0x000000000e0d0000 	/usr/lib/system/libsystem_kernel.dylib
0x000000000e0d0000 	/usr/lib/system/libsystem_platform.dylib
0x000000000e0d0000 	/usr/lib/system/libsystem_pthread.dylib
0x000000000e0d0000 	/usr/lib/system/libsystem_symptoms.dylib
0x000000000e0d0000 	/usr/lib/system/libsystem_trace.dylib
0x000000000e0d0000 	/usr/lib/system/libunwind.dylib
0x000000000e0d0000 	/usr/lib/system/libxpc.dylib
0x000000000e0d0000 	/usr/lib/closure/libclosured.dylib
0x000000000e0d0000 	/usr/lib/libbsm.0.dylib
0x000000000e0d0000 	/usr/lib/system/libkxld.dylib
0x000000000e0d0000 	/usr/lib/libOpenScriptingUtil.dylib
0x000000000e0d0000 	/usr/lib/libcoretls.dylib
0x000000000e0d0000 	/usr/lib/libcoretls_cfhelpers.dylib
0x000000000e0d0000 	/usr/lib/libpam.2.dylib
0x000000000e0d0000 	/usr/lib/libsqlite3.dylib
0x000000000e0d0000 	/usr/lib/libxar.1.dylib
0x000000000e0d0000 	/usr/lib/libbz2.1.0.dylib
0x000000000e0d0000 	/usr/lib/liblzma.5.dylib
0x000000000e0d0000 	/usr/lib/libnetwork.dylib
0x000000000e0d0000 	/usr/lib/libapple_nghttp2.dylib
0x000000000e0d0000 	/usr/lib/libpcap.A.dylib
0x000000000e0d0000 	/usr/lib/libboringssl.dylib
0x000000000e0d0000 	/usr/lib/libusrtcp.dylib
0x000000000e0d0000 	/usr/lib/libapple_crypto.dylib
0x000000000e0d0000 	/System/Library/Frameworks/CoreServices.framework/Versions/A/Frameworks/FSEvents.framework/Versions/A/FSEvents
0x000000000e0d0000 	/System/Library/Frameworks/CoreServices.framework/Versions/A/Frameworks/CarbonCore.framework/Versions/A/CarbonCore
0x000000000e0d0000 	/System/Library/Frameworks/CoreServices.framework/Versions/A/Frameworks/Metadata.framework/Versions/A/Metadata
0x000000000e0d0000 	/System/Library/Frameworks/CoreServices.framework/Versions/A/Frameworks/OSServices.framework/Versions/A/OSServices
0x000000000e0d0000 	/System/Library/Frameworks/CoreServices.framework/Versions/A/Frameworks/SearchKit.framework/Versions/A/SearchKit
0x000000000e0d0000 	/System/Library/Frameworks/CoreServices.framework/Versions/A/Frameworks/AE.framework/Versions/A/AE
0x000000000e0d0000 	/System/Library/Frameworks/CoreServices.framework/Versions/A/Frameworks/LaunchServices.framework/Versions/A/LaunchServices
0x000000000e0d0000 	/System/Library/Frameworks/CoreServices.framework/Versions/A/Frameworks/DictionaryServices.framework/Versions/A/DictionaryServices
0x000000000e0d0000 	/System/Library/Frameworks/CoreServices.framework/Versions/A/Frameworks/SharedFileList.framework/Versions/A/SharedFileList
0x000000000e0d0000 	/System/Library/Frameworks/NetFS.framework/Versions/A/NetFS
0x000000000e0d0000 	/System/Library/PrivateFrameworks/NetAuth.framework/Versions/A/NetAuth
0x000000000e0d0000 	/System/Library/PrivateFrameworks/login.framework/Versions/A/Frameworks/loginsupport.framework/Versions/A/loginsupport
0x000000000e0d0000 	/System/Library/PrivateFrameworks/TCC.framework/Versions/A/TCC
0x000000000e0d0000 	/usr/lib/libmecabra.dylib
0x000000000e0d0000 	/System/Library/Frameworks/ApplicationServices.framework/Versions/A/Frameworks/ATS.framework/Versions/A/ATS
0x000000000e0d0000 	/System/Library/Frameworks/ApplicationServices.framework/Versions/A/Frameworks/ColorSyncLegacy.framework/Versions/A/ColorSyncLegacy
0x000000000e0d0000 	/System/Library/Frameworks/ApplicationServices.framework/Versions/A/Frameworks/HIServices.framework/Versions/A/HIServices
0x000000000e0d0000 	/System/Library/Frameworks/ApplicationServices.framework/Versions/A/Frameworks/LangAnalysis.framework/Versions/A/LangAnalysis
0x000000000e0d0000 	/System/Library/Frameworks/ApplicationServices.framework/Versions/A/Frameworks/PrintCore.framework/Versions/A/PrintCore
0x000000000e0d0000 	/System/Library/Frameworks/ApplicationServices.framework/Versions/A/Frameworks/QD.framework/Versions/A/QD
0x000000000e0d0000 	/System/Library/Frameworks/ApplicationServices.framework/Versions/A/Frameworks/SpeechSynthesis.framework/Versions/A/SpeechSynthesis
0x000000000e0d0000 	/System/Library/Frameworks/CoreDisplay.framework/Versions/A/CoreDisplay
0x000000000e0d0000 	/System/Library/Frameworks/Accelerate.framework/Versions/A/Frameworks/vImage.framework/Versions/A/vImage
0x000000000e0d0000 	/System/Library/Frameworks/Accelerate.framework/Versions/A/Frameworks/vecLib.framework/Versions/A/vecLib
0x000000000e0d0000 	/System/Library/Frameworks/Accelerate.framework/Versions/A/Frameworks/vecLib.framework/Versions/A/libvDSP.dylib
0x000000000e0d0000 	/System/Library/Frameworks/Accelerate.framework/Versions/A/Frameworks/vecLib.framework/Versions/A/libBNNS.dylib
0x000000000e0d0000 	/System/Library/Frameworks/Accelerate.framework/Versions/A/Frameworks/vecLib.framework/Versions/A/libQuadrature.dylib
0x000000000e0d0000 	/System/Library/Frameworks/Accelerate.framework/Versions/A/Frameworks/vecLib.framework/Versions/A/libvMisc.dylib
0x000000000e0d0000 	/System/Library/Frameworks/Accelerate.framework/Versions/A/Frameworks/vecLib.framework/Versions/A/libLAPACK.dylib
0x000000000e0d0000 	/System/Library/Frameworks/Accelerate.framework/Versions/A/Frameworks/vecLib.framework/Versions/A/libBLAS.dylib
0x000000000e0d0000 	/System/Library/Frameworks/Accelerate.framework/Versions/A/Frameworks/vecLib.framework/Versions/A/libLinearAlgebra.dylib
0x000000000e0d0000 	/System/Library/Frameworks/Accelerate.framework/Versions/A/Frameworks/vecLib.framework/Versions/A/libSparse.dylib
0x000000000e0d0000 	/System/Library/Frameworks/Accelerate.framework/Versions/A/Frameworks/vecLib.framework/Versions/A/libSparseBLAS.dylib
0x000000000e0d0000 	/System/Library/PrivateFrameworks/GPUWrangler.framework/Versions/A/GPUWrangler
0x000000000e0d0000 	/System/Library/PrivateFrameworks/IOAccelerator.framework/Versions/A/IOAccelerator
0x000000000e0d0000 	/System/Library/PrivateFrameworks/IOPresentment.framework/Versions/A/IOPresentment
0x000000000e0d0000 	/System/Library/PrivateFrameworks/DSExternalDisplay.framework/Versions/A/DSExternalDisplay
0x000000000e0d0000 	/System/Library/Frameworks/OpenGL.framework/Versions/A/Libraries/libCoreFSCache.dylib
0x000000000e0d0000 	/System/Library/Frameworks/CoreVideo.framework/Versions/A/CoreVideo
0x000000000e0d0000 	/System/Library/PrivateFrameworks/GraphVisualizer.framework/Versions/A/GraphVisualizer
0x000000000e0d0000 	/System/Library/Frameworks/MetalPerformanceShaders.framework/Versions/A/MetalPerformanceShaders
0x000000000e0d0000 	/usr/lib/libFosl_dynamic.dylib
0x000000000e0d0000 	/System/Library/PrivateFrameworks/FaceCore.framework/Versions/A/FaceCore
0x000000000e0d0000 	/System/Library/Frameworks/OpenCL.framework/Versions/A/OpenCL
0x000000000e0d0000 	/usr/lib/libcompression.dylib
0x000000000e0d0000 	/System/Library/Frameworks/ApplicationServices.framework/Versions/A/Frameworks/ATS.framework/Versions/A/Resources/libFontParser.dylib
0x000000000e0d0000 	/System/Library/Frameworks/ApplicationServices.framework/Versions/A/Frameworks/ATS.framework/Versions/A/Resources/libFontRegistry.dylib
0x000000000e0d0000 	/System/Library/Frameworks/ImageIO.framework/Versions/A/Resources/libJPEG.dylib
0x000000000e0d0000 	/System/Library/Frameworks/ImageIO.framework/Versions/A/Resources/libTIFF.dylib
0x000000000e0d0000 	/System/Library/Frameworks/ImageIO.framework/Versions/A/Resources/libPng.dylib
0x000000000e0d0000 	/System/Library/Frameworks/ImageIO.framework/Versions/A/Resources/libGIF.dylib
0x000000000e0d0000 	/System/Library/Frameworks/ImageIO.framework/Versions/A/Resources/libJP2.dylib
0x000000000e0d0000 	/System/Library/Frameworks/ImageIO.framework/Versions/A/Resources/libRadiance.dylib
0x000000000e0d0000 	/System/Library/PrivateFrameworks/AppleJPEG.framework/Versions/A/AppleJPEG
0x000000000e0d0000 	/System/Library/Frameworks/MetalPerformanceShaders.framework/Frameworks/MPSCore.framework/Versions/A/MPSCore
0x000000000e0d0000 	/System/Library/Frameworks/MetalPerformanceShaders.framework/Frameworks/MPSImage.framework/Versions/A/MPSImage
0x000000000e0d0000 	/System/Library/Frameworks/MetalPerformanceShaders.framework/Frameworks/MPSNeuralNetwork.framework/Versions/A/MPSNeuralNetwork
0x000000000e0d0000 	/System/Library/Frameworks/MetalPerformanceShaders.framework/Frameworks/MPSMatrix.framework/Versions/A/MPSMatrix
0x000000000e0d0000 	/System/Library/PrivateFrameworks/MetalTools.framework/Versions/A/MetalTools
0x000000000e0d0000 	/System/Library/Frameworks/OpenGL.framework/Versions/A/Libraries/libGLU.dylib
0x000000000e0d0000 	/System/Library/Frameworks/OpenGL.framework/Versions/A/Libraries/libGFXShared.dylib
0x000000000e0d0000 	/System/Library/Frameworks/OpenGL.framework/Versions/A/Libraries/libGL.dylib
0x000000000e0d0000 	/System/Library/Frameworks/OpenGL.framework/Versions/A/Libraries/libGLImage.dylib
0x000000000e0d0000 	/System/Library/Frameworks/OpenGL.framework/Versions/A/Libraries/libCVMSPluginSupport.dylib
0x000000000e0d0000 	/System/Library/Frameworks/OpenGL.framework/Versions/A/Libraries/libCoreVMClient.dylib
0x000000000e0d0000 	/usr/lib/libcups.2.dylib
0x000000000e0d0000 	/System/Library/Frameworks/Kerberos.framework/Versions/A/Kerberos
0x000000000e0d0000 	/System/Library/Frameworks/GSS.framework/Versions/A/GSS
0x000000000e0d0000 	/usr/lib/libresolv.9.dylib
0x000000000e0d0000 	/usr/lib/libiconv.2.dylib
0x000000000e0d0000 	/System/Library/PrivateFrameworks/Heimdal.framework/Versions/A/Heimdal
0x000000000e0d0000 	/usr/lib/libheimdal-asn1.dylib
0x000000000e0d0000 	/System/Library/Frameworks/OpenDirectory.framework/Versions/A/OpenDirectory
0x000000000e0d0000 	/System/Library/PrivateFrameworks/CommonAuth.framework/Versions/A/CommonAuth
0x000000000e0d0000 	/System/Library/Frameworks/OpenDirectory.framework/Versions/A/Frameworks/CFOpenDirectory.framework/Versions/A/CFOpenDirectory
0x000000000e0d0000 	/System/Library/Frameworks/SecurityFoundation.framework/Versions/A/SecurityFoundation
0x000000000e0d0000 	/System/Library/PrivateFrameworks/APFS.framework/Versions/A/APFS
0x000000000e0d0000 	/usr/lib/libutil.dylib
0x000000000e0d0000 	/System/Library/PrivateFrameworks/AppleSauce.framework/Versions/A/AppleSauce
0x000000000e0d0000 	/System/Library/PrivateFrameworks/LinguisticData.framework/Versions/A/LinguisticData
0x000000000e0d0000 	/usr/lib/libmarisa.dylib
0x000000000e0d0000 	/System/Library/PrivateFrameworks/Lexicon.framework/Versions/A/Lexicon
0x000000000e0d0000 	/usr/lib/libChineseTokenizer.dylib
0x000000000e0d0000 	/usr/lib/libcmph.dylib
0x000000000e0d0000 	/System/Library/PrivateFrameworks/LanguageModeling.framework/Versions/A/LanguageModeling
0x000000000e0d0000 	/System/Library/PrivateFrameworks/CoreEmoji.framework/Versions/A/CoreEmoji
0x000000000e0d0000 	/System/Library/Frameworks/ServiceManagement.framework/Versions/A/ServiceManagement
0x000000000e0d0000 	/System/Library/PrivateFrameworks/BackgroundTaskManagement.framework/Versions/A/BackgroundTaskManagement
0x000000000e0d0000 	/usr/lib/libxslt.1.dylib
0x000000000e0d0000 	/System/Library/Frameworks/Carbon.framework/Versions/A/Frameworks/Ink.framework/Versions/A/Ink
0x000000000e0d0000 	/System/Library/PrivateFrameworks/TextureIO.framework/Versions/A/TextureIO
0x000000000e0d0000 	/usr/lib/libate.dylib
0x000000000e0d0000 	/System/Library/PrivateFrameworks/CrashReporterSupport.framework/Versions/A/CrashReporterSupport
0x000000000e0d0000 	/System/Library/PrivateFrameworks/Sharing.framework/Versions/A/Sharing
0x000000000e0d0000 	/System/Library/PrivateFrameworks/IconServices.framework/Versions/A/IconServices
0x000000000e0d0000 	/System/Library/PrivateFrameworks/AuthKit.framework/Versions/A/AuthKit
0x000000000e0d0000 	/System/Library/PrivateFrameworks/Apple80211.framework/Versions/A/Apple80211
0x000000000e0d0000 	/System/Library/PrivateFrameworks/CoreUtils.framework/Versions/A/CoreUtils
0x000000000e0d0000 	/System/Library/Frameworks/CoreWLAN.framework/Versions/A/CoreWLAN
0x000000000e0d0000 	/System/Library/Frameworks/IOBluetooth.framework/Versions/A/IOBluetooth
0x000000000e0d0000 	/System/Library/PrivateFrameworks/ProtocolBuffer.framework/Versions/A/ProtocolBuffer
0x000000000e0d0000 	/System/Library/PrivateFrameworks/MobileKeyBag.framework/Versions/A/MobileKeyBag
0x000000000e0d0000 	/System/Library/PrivateFrameworks/CorePhoneNumbers.framework/Versions/A/CorePhoneNumbers
0x000000000e0d0000 	/System/Library/PrivateFrameworks/AppleIDAuthSupport.framework/Versions/A/AppleIDAuthSupport
0x000000000e0d0000 	/System/Library/PrivateFrameworks/KeychainCircle.framework/Versions/A/KeychainCircle
0x000000000e0d0000 	/System/Library/PrivateFrameworks/CoreWiFi.framework/Versions/A/CoreWiFi
0x000000000e0d0000 	/System/Library/Frameworks/CoreBluetooth.framework/Versions/A/CoreBluetooth
0x000000000e0d0000 	/System/Library/PrivateFrameworks/DebugSymbols.framework/Versions/A/DebugSymbols
0x000000000e0d0000 	/System/Library/PrivateFrameworks/CoreSymbolication.framework/Versions/A/CoreSymbolication
0x000000000e0d0000 	/System/Library/PrivateFrameworks/Symbolication.framework/Versions/A/Symbolication
0x000000000e0d0000 	/System/Library/PrivateFrameworks/AppleFSCompression.framework/Versions/A/AppleFSCompression
0x000000000e0d0000 	/System/Library/PrivateFrameworks/SpeechRecognitionCore.framework/Versions/A/SpeechRecognitionCore
0x0000000110400000 	/Library/Java/JavaVirtualMachines/jdk1.8.0_101.jdk/Contents/Home/jre/lib/server/libjvm.dylib
0x000000000e0d0000 	/usr/lib/libstdc++.6.0.9.dylib
0x000000010fb33000 	/Library/Java/JavaVirtualMachines/jdk1.8.0_101.jdk/Contents/Home/jre/lib/libverify.dylib
0x000000010fb41000 	/Library/Java/JavaVirtualMachines/jdk1.8.0_101.jdk/Contents/Home/jre/lib/libjava.dylib
0x000000010fbc0000 	/Library/Java/JavaVirtualMachines/jdk1.8.0_101.jdk/Contents/Home/jre/lib/libzip.dylib
0x000000000e0d0000 	/System/Library/Frameworks/JavaVM.framework/Versions/A/Frameworks/JavaRuntimeSupport.framework/Versions/A/JavaRuntimeSupport
0x000000000e0d0000 	/System/Library/Frameworks/JavaVM.framework/Versions/A/Frameworks/JavaNativeFoundation.framework/Versions/A/JavaNativeFoundation
0x000000000e0d0000 	/System/Library/Frameworks/JavaVM.framework/Versions/A/JavaVM
0x000000000e0d0000 	/System/Library/Frameworks/Carbon.framework/Versions/A/Carbon
0x000000000e0d0000 	/System/Library/PrivateFrameworks/JavaLaunching.framework/Versions/A/JavaLaunching
0x000000000e0d0000 	/System/Library/Frameworks/Carbon.framework/Versions/A/Frameworks/CommonPanels.framework/Versions/A/CommonPanels
0x000000000e0d0000 	/System/Library/Frameworks/Carbon.framework/Versions/A/Frameworks/Help.framework/Versions/A/Help
0x000000000e0d0000 	/System/Library/Frameworks/Carbon.framework/Versions/A/Frameworks/ImageCapture.framework/Versions/A/ImageCapture
0x000000000e0d0000 	/System/Library/Frameworks/Carbon.framework/Versions/A/Frameworks/OpenScripting.framework/Versions/A/OpenScripting
0x000000000e0d0000 	/System/Library/Frameworks/Carbon.framework/Versions/A/Frameworks/Print.framework/Versions/A/Print
0x000000000e0d0000 	/System/Library/Frameworks/Carbon.framework/Versions/A/Frameworks/SecurityHI.framework/Versions/A/SecurityHI
0x0000000114595000 	/Library/Java/JavaVirtualMachines/jdk1.8.0_101.jdk/Contents/Home/jre/lib/libnet.dylib
0x000000011495c000 	/Library/Java/JavaVirtualMachines/jdk1.8.0_101.jdk/Contents/Home/jre/lib/libnio.dylib
0x000000011498c000 	/Library/Java/JavaVirtualMachines/jdk1.8.0_101.jdk/Contents/Home/jre/lib/libmanagement.dylib
0x00000001254b9000 	/Library/Java/JavaVirtualMachines/jdk1.8.0_101.jdk/Contents/Home/jre/lib/libsunec.dylib

VM Arguments:
jvm_args: -Djava.security.manager=worker.org.gradle.process.internal.worker.child.BootstrapSecurityManager -Dorg.gradle.native=false -Xmx512m -Dfile.encoding=UTF-8 -Duser.country=US -Duser.language=en -Duser.variant -ea 
java_command: worker.org.gradle.process.internal.worker.GradleWorkerMain 'Gradle Test Executor 7'
java_class_path (initial): /Users/Daeun/.gradle/caches/5.4.1/workerMain/gradle-worker.jar
Launcher Type: SUN_STANDARD

Environment Variables:
PATH=/usr/local/Cellar/smlnj/110.84:/Library/Frameworks/Python.framework/Versions/3.7/bin:/Library/Frameworks/Python.framework/Versions/2.7/bin:/Library/Frameworks/Python.framework/Versions/3.6/bin:/opt/local/bin:/opt/local/sbin:/usr/local/bin:/usr/bin:/bin:/usr/sbin:/sbin:/Applications/VMware Fusion.app/Contents/Public:/Library/TeX/texbin:/Library/Frameworks/Mono.framework/Versions/Current/Commands
SHELL=/bin/bash

Signal Handlers:
SIGSEGV: [libjvm.dylib+0x5af145], sa_mask[0]=11111111011111110111111111111111, sa_flags=SA_ONSTACK|SA_RESTART|SA_SIGINFO
SIGBUS: [libjvm.dylib+0x5af145], sa_mask[0]=11111111011111110111111111111111, sa_flags=SA_RESTART|SA_SIGINFO
SIGFPE: [libjvm.dylib+0x48694c], sa_mask[0]=11111111011111110111111111111111, sa_flags=SA_RESTART|SA_SIGINFO
SIGPIPE: [libjvm.dylib+0x48694c], sa_mask[0]=11111111011111110111111111111111, sa_flags=SA_RESTART|SA_SIGINFO
SIGXFSZ: [libjvm.dylib+0x48694c], sa_mask[0]=11111111011111110111111111111111, sa_flags=SA_RESTART|SA_SIGINFO
SIGILL: [libjvm.dylib+0x48694c], sa_mask[0]=11111111011111110111111111111111, sa_flags=SA_RESTART|SA_SIGINFO
SIGUSR1: SIG_DFL, sa_mask[0]=11011111011111100000000111000110, sa_flags=none
SIGUSR2: [libjvm.dylib+0x48646a], sa_mask[0]=00100000000000000000000000000000, sa_flags=SA_RESTART|SA_SIGINFO
SIGHUP: [libjvm.dylib+0x484a41], sa_mask[0]=11111111011111110111111111111111, sa_flags=SA_RESTART|SA_SIGINFO
SIGINT: [libjvm.dylib+0x484a41], sa_mask[0]=11111111011111110111111111111111, sa_flags=SA_RESTART|SA_SIGINFO
SIGTERM: [libjvm.dylib+0x484a41], sa_mask[0]=11111111011111110111111111111111, sa_flags=SA_RESTART|SA_SIGINFO
SIGQUIT: [libjvm.dylib+0x484a41], sa_mask[0]=11111111011111110111111111111111, sa_flags=SA_RESTART|SA_SIGINFO


---------------  S Y S T E M  ---------------

OS:Bsduname:Darwin 17.7.0 Darwin Kernel Version 17.7.0: Thu Jun 21 22:53:14 PDT 2018; root:xnu-4570.71.2~1/RELEASE_X86_64 x86_64
rlimit: STACK 8192k, CORE 0k, NPROC 709, NOFILE 10240, AS infinity
load average:3.37 2.56 2.43

CPU:total 4 (2 cores per cpu, 2 threads per core) family 6 model 69 stepping 1, cmov, cx8, fxsr, mmx, sse, sse2, sse3, ssse3, sse4.1, sse4.2, popcnt, avx, avx2, aes, clmul, erms, lzcnt, ht, tsc, tscinvbit, bmi1, bmi2

Memory: 4k page, physical 4194304k(54588k free)

/proc/meminfo:


vm_info: Java HotSpot(TM) 64-Bit Server VM (25.101-b13) for bsd-amd64 JRE (1.8.0_101-b13), built on Jun 22 2016 02:42:15 by "java_re" with gcc 4.2.1 (Based on Apple Inc. build 5658) (LLVM build 2336.11.00)

time: Fri Jul 26 11:18:19 2019
elapsed time: 10 seconds (0d 0h 0m 10s)

