#
# A fatal error has been detected by the Java Runtime Environment:
#
#  SIGSEGV (0xb) at pc=0x00000001010c1ee9, pid=1009, tid=0x0000000000009e17
#
# JRE version: Java(TM) SE Runtime Environment (8.0_101-b13) (build 1.8.0_101-b13)
# Java VM: Java HotSpot(TM) 64-Bit Server VM (25.101-b13 mixed mode bsd-amd64 compressed oops)
# Problematic frame:
# V  [libjvm.dylib+0x2c1ee9]  java_lang_String::length(oopDesc*)+0x5b
#
# Failed to write core dump. Core dumps have been disabled. To enable core dumping, try "ulimit -c unlimited" before starting Java again
#
# If you would like to submit a bug report, please visit:
#   http://bugreport.java.com/bugreport/crash.jsp
#

---------------  T H R E A D  ---------------

Current thread (0x00007fe9a9805800):  JavaThread "Execution worker for ':'" [_thread_in_vm, id=40471, stack(0x000070000aaf1000,0x000070000abf1000)]

siginfo: si_signo: 11 (SIGSEGV), si_code: 1 (SEGV_MAPERR), si_addr: 0x0000000001b0038c

Registers:
RAX=0x0000000001b00380, RBX=0x0000000000000010, RCX=0x0000000000000000, RDX=0x000000010163aaa0
RSP=0x000070000abee560, RBP=0x000070000abee560, RSI=0x00007fe9a66be880, RDI=0x00000007a0706cb0
R8 =0x0000000085679d94, R9 =0x00007fe9a9805800, R10=0x00000001016fe030, R11=0x000000010c3530e0
R12=0x0000000000000000, R13=0x00007fe9a66be880, R14=0x00007fe9a66be880, R15=0x0000000001b00380
RIP=0x00000001010c1ee9, EFLAGS=0x0000000000010202, ERR=0x0000000000000004
  TRAPNO=0x000000000000000e

Top of Stack: (sp=0x000070000abee560)
0x000070000abee560:   000070000abee590 00000001010ef57b
0x000070000abee570:   00007fe9a90386d8 0000000000000010
0x000070000abee580:   0000000000000000 0000000085679d94
0x000070000abee590:   000070000abee5d0 0000000101332b50
0x000070000abee5a0:   00007fe9a350e710 00007fe9a9805800
0x000070000abee5b0:   0000000000000000 0000000000000008
0x000070000abee5c0:   0000000000000010 00007fe9a66be880
0x000070000abee5d0:   000070000abee620 0000000101332d9f
0x000070000abee5e0:   000070000abee600 000070000abee634
0x000070000abee5f0:   00008a7e85679d94 00007fe9a9805800
0x000070000abee600:   0000000000000112 0000000000000008
0x000070000abee610:   0000000000000000 0000000000000014
0x000070000abee620:   000070000abee670 0000000101333034
0x000070000abee630:   000000100160fd20 00007fe9a66c8cd0
0x000070000abee640:   00007fe9a66be870 00007fe9a66be880
0x000070000abee650:   00007fe9a66bec58 00000000000003d8
0x000070000abee660:   0000000109994da8 00007fe9a9805800
0x000070000abee670:   000070000abee6a0 0000000100fe18c8
0x000070000abee680:   0000000000000112 0000000000000000
0x000070000abee690:   000070000abee800 0000000109994da8
0x000070000abee6a0:   000070000abee7f0 0000000100fe4b07
0x000070000abee6b0:   000070000abee6f0 0000000100fe7040
0x000070000abee6c0:   000070000abee7b8 0000000109994da8
0x000070000abee6d0:   000070000abee6f0 000070000abee800
0x000070000abee6e0:   000000140000000a 00007fe9a9805800
0x000070000abee6f0:   000070000abee940 00000001010e77af
0x000070000abee700:   00000000000003d8 00000007c04ac828
0x000070000abee710:   0000000000000000 000000b7088f54b8
0x000070000abee720:   00007fe9a9805800 00000001088f54b8
0x000070000abee730:   00007fe9a9805800 fffffffe00000000
0x000070000abee740:   0000000109994da8 00007fe9a9805800
0x000070000abee750:   00007fe9a9805800 00007fe9a3412920 

Instructions: (pc=0x00000001010c1ee9)
0x00000001010c1ec9:   00 8a 4a 08 48 d3 e0 48 03 02 eb 04 48 8b 04 07
0x00000001010c1ed9:   48 8d 0d 34 1f 62 00 80 39 00 0f 94 c1 0f b6 c9
0x00000001010c1ee9:   8b 44 88 0c 5d c3 8b 04 07 5d c3 55 48 89 e5 48
0x00000001010c1ef9:   8b 47 20 48 85 c0 74 2b 48 8b 4f 28 48 8b b9 40 

Register to memory mapping:

RAX=0x0000000001b00380 is an unknown value
RBX=0x0000000000000010 is an unknown value
RCX=0x0000000000000000 is an unknown value
RDX=0x000000010163aaa0: _ZN8Universe11_narrow_oopE+0 in /Library/Java/JavaVirtualMachines/jdk1.8.0_101.jdk/Contents/Home/jre/lib/server/libjvm.dylib at 0x0000000100e00000
RSP=0x000070000abee560 is pointing into the stack for thread: 0x00007fe9a9805800
RBP=0x000070000abee560 is pointing into the stack for thread: 0x00007fe9a9805800
RSI=0x00007fe9a66be880 is an unknown value
RDI=
[error occurred during error reporting (printing register info), id 0xb]

Stack: [0x000070000aaf1000,0x000070000abf1000],  sp=0x000070000abee560,  free space=1013k
Native frames: (J=compiled Java code, j=interpreted, Vv=VM code, C=native code)
V  [libjvm.dylib+0x2c1ee9]  java_lang_String::length(oopDesc*)+0x5b
V  [libjvm.dylib+0x2ef57b]  java_lang_String::equals(oopDesc*, unsigned short*, int)+0x3b
V  [libjvm.dylib+0x532b50]  StringTable::lookup(int, unsigned short*, int, unsigned int)+0x48
V  [libjvm.dylib+0x532d9f]  StringTable::intern(Handle, unsigned short*, int, Thread*)+0x4f
V  [libjvm.dylib+0x533034]  StringTable::intern(Symbol*, Thread*)+0x5a
V  [libjvm.dylib+0x1e18c8]  ConstantPool::string_at_impl(constantPoolHandle, int, int, Thread*)+0x44
V  [libjvm.dylib+0x1e4b07]  ConstantPool::resolve_constant_at_impl(constantPoolHandle, int, int, Thread*)+0x277
V  [libjvm.dylib+0xdcc3f]  ConstantPool::resolve_cached_constant_at(int, Thread*)+0x97
V  [libjvm.dylib+0x2e8cc2]  InterpreterRuntime::resolve_ldc(JavaThread*, Bytecodes::Code)+0x16a
j  org.springframework.boot.gradle.tasks.bundling.BootJar_Decorated.getEntryCompression()Lorg/gradle/api/tasks/bundling/ZipEntryCompression;+10
v  ~StubRoutines::call_stub
V  [libjvm.dylib+0x2ecf06]  JavaCalls::call_helper(JavaValue*, methodHandle*, JavaCallArguments*, Thread*)+0x6ae
V  [libjvm.dylib+0x4d1214]  Reflection::invoke(instanceKlassHandle, methodHandle, Handle, bool, objArrayHandle, BasicType, objArrayHandle, bool, Thread*)+0xe12
V  [libjvm.dylib+0x4d1748]  Reflection::invoke_method(oopDesc*, Handle, objArrayHandle, Thread*)+0x16c
V  [libjvm.dylib+0x345384]  JVM_InvokeMethod+0x166
J 1445  sun.reflect.NativeMethodAccessorImpl.invoke0(Ljava/lang/reflect/Method;Ljava/lang/Object;[Ljava/lang/Object;)Ljava/lang/Object; (0 bytes) @ 0x000000010ba7e5ad [0x000000010ba7e4c0+0xed]
J 1444 C1 sun.reflect.NativeMethodAccessorImpl.invoke(Ljava/lang/Object;[Ljava/lang/Object;)Ljava/lang/Object; (104 bytes) @ 0x000000010ba7fb54 [0x000000010ba7e980+0x11d4]
J 5290 C2 java.lang.reflect.Method.invoke(Ljava/lang/Object;[Ljava/lang/Object;)Ljava/lang/Object; (62 bytes) @ 0x000000010bf3e408 [0x000000010bf3e380+0x88]
j  org.gradle.api.internal.tasks.properties.bean.AbstractNestedRuntimeBeanNode$BeanPropertyValue$1$1.create()Ljava/lang/Object;+24
J 7902 C1 org.gradle.util.SingleMessageLogger.whileDisabled(Lorg/gradle/internal/Factory;)Ljava/lang/Object; (42 bytes) @ 0x000000010c9d8f4c [0x000000010c9d8a20+0x52c]
J 7917 C1 org.gradle.api.internal.tasks.properties.bean.AbstractNestedRuntimeBeanNode$BeanPropertyValue$1.get()Ljava/lang/Object; (12 bytes) @ 0x000000010c9dfe8c [0x000000010c9dfd20+0x16c]
J 7018 C1 com.google.common.base.Suppliers$NonSerializableMemoizingSupplier.get()Ljava/lang/Object; (62 bytes) @ 0x000000010c71cf44 [0x000000010c71cca0+0x2a4]
J 8596 C1 org.gradle.api.internal.tasks.properties.bean.AbstractNestedRuntimeBeanNode$BeanPropertyValue.call()Ljava/lang/Object; (33 bytes) @ 0x000000010c08168c [0x000000010c081580+0x10c]
j  org.gradle.api.internal.tasks.properties.AbstractValidatingProperty.validate(Lorg/gradle/api/internal/tasks/TaskValidationContext;)V+4
j  org.gradle.api.internal.tasks.properties.DefaultTaskProperties.validate(Lorg/gradle/api/internal/tasks/TaskValidationContext;)V+31
j  org.gradle.api.internal.tasks.execution.ValidatingTaskExecuter.execute(Lorg/gradle/api/internal/TaskInternal;Lorg/gradle/api/internal/tasks/TaskStateInternal;Lorg/gradle/api/internal/tasks/TaskExecutionContext;)Lorg/gradle/api/internal/tasks/TaskExecuterResult;+46
j  org.gradle.api.internal.tasks.execution.SkipEmptySourceFilesTaskExecuter.execute(Lorg/gradle/api/internal/TaskInternal;Lorg/gradle/api/internal/tasks/TaskStateInternal;Lorg/gradle/api/internal/tasks/TaskExecutionContext;)Lorg/gradle/api/internal/tasks/TaskExecuterResult;+292
j  org.gradle.api.internal.tasks.execution.ResolveBeforeExecutionOutputsTaskExecuter.execute(Lorg/gradle/api/internal/TaskInternal;Lorg/gradle/api/internal/tasks/TaskStateInternal;Lorg/gradle/api/internal/tasks/TaskExecutionContext;)Lorg/gradle/api/internal/tasks/TaskExecuterResult;+89
j  org.gradle.api.internal.tasks.execution.ResolveAfterPreviousExecutionStateTaskExecuter.execute(Lorg/gradle/api/internal/TaskInternal;Lorg/gradle/api/internal/tasks/TaskStateInternal;Lorg/gradle/api/internal/tasks/TaskExecutionContext;)Lorg/gradle/api/internal/tasks/TaskExecuterResult;+34
j  org.gradle.api.internal.tasks.execution.CleanupStaleOutputsExecuter.execute(Lorg/gradle/api/internal/TaskInternal;Lorg/gradle/api/internal/tasks/TaskStateInternal;Lorg/gradle/api/internal/tasks/TaskExecutionContext;)Lorg/gradle/api/internal/tasks/TaskExecuterResult;+188
j  org.gradle.api.internal.tasks.execution.FinalizePropertiesTaskExecuter.execute(Lorg/gradle/api/internal/TaskInternal;Lorg/gradle/api/internal/tasks/TaskStateInternal;Lorg/gradle/api/internal/tasks/TaskExecutionContext;)Lorg/gradle/api/internal/tasks/TaskExecuterResult;+61
j  org.gradle.api.internal.tasks.execution.ResolveTaskExecutionModeExecuter.execute(Lorg/gradle/api/internal/TaskInternal;Lorg/gradle/api/internal/tasks/TaskStateInternal;Lorg/gradle/api/internal/tasks/TaskExecutionContext;)Lorg/gradle/api/internal/tasks/TaskExecuterResult;+99
j  org.gradle.api.internal.tasks.execution.SkipTaskWithNoActionsExecuter.execute(Lorg/gradle/api/internal/TaskInternal;Lorg/gradle/api/internal/tasks/TaskStateInternal;Lorg/gradle/api/internal/tasks/TaskExecutionContext;)Lorg/gradle/api/internal/tasks/TaskExecuterResult;+120
j  org.gradle.api.internal.tasks.execution.SkipOnlyIfTaskExecuter.execute(Lorg/gradle/api/internal/TaskInternal;Lorg/gradle/api/internal/tasks/TaskStateInternal;Lorg/gradle/api/internal/tasks/TaskExecutionContext;)Lorg/gradle/api/internal/tasks/TaskExecuterResult;+91
j  org.gradle.api.internal.tasks.execution.CatchExceptionTaskExecuter.execute(Lorg/gradle/api/internal/TaskInternal;Lorg/gradle/api/internal/tasks/TaskStateInternal;Lorg/gradle/api/internal/tasks/TaskExecutionContext;)Lorg/gradle/api/internal/tasks/TaskExecuterResult;+7
j  org.gradle.api.internal.tasks.execution.EventFiringTaskExecuter$1.executeTask(Lorg/gradle/internal/operations/BuildOperationContext;)Lorg/gradle/api/internal/tasks/TaskExecuterResult;+115
j  org.gradle.api.internal.tasks.execution.EventFiringTaskExecuter$1.call(Lorg/gradle/internal/operations/BuildOperationContext;)Lorg/gradle/api/internal/tasks/TaskExecuterResult;+2
j  org.gradle.api.internal.tasks.execution.EventFiringTaskExecuter$1.call(Lorg/gradle/internal/operations/BuildOperationContext;)Ljava/lang/Object;+2
j  org.gradle.internal.operations.DefaultBuildOperationExecutor$CallableBuildOperationWorker.execute(Lorg/gradle/internal/operations/CallableBuildOperation;Lorg/gradle/internal/operations/BuildOperationContext;)V+3
j  org.gradle.internal.operations.DefaultBuildOperationExecutor$CallableBuildOperationWorker.execute(Lorg/gradle/internal/operations/BuildOperation;Lorg/gradle/internal/operations/BuildOperationContext;)V+6
J 5649 C1 org.gradle.internal.operations.DefaultBuildOperationExecutor$1.execute(Lorg/gradle/internal/operations/BuildOperationDescriptor;Lorg/gradle/internal/operations/DefaultBuildOperationExecutor$DefaultBuildOperationContext;Lorg/gradle/internal/operations/DefaultBuildOperationExecutor$BuildOperationExecutionListener;)Lorg/gradle/internal/operations/BuildOperation; (82 bytes) @ 0x000000010c3562bc [0x000000010c356140+0x17c]
J 5585 C1 org.gradle.internal.operations.DefaultBuildOperationExecutor.execute(Lorg/gradle/internal/operations/BuildOperationDescriptor$Builder;Lorg/gradle/internal/operations/DefaultBuildOperationExecutor$BuildOperationState;Lorg/gradle/internal/operations/DefaultBuildOperationExecutor$BuildOperationExecution;)Lorg/gradle/internal/operations/BuildOperation; (111 bytes) @ 0x000000010c10c74c [0x000000010c10b7c0+0xf8c]
J 5926 C1 org.gradle.internal.operations.DefaultBuildOperationExecutor.execute(Lorg/gradle/internal/operations/BuildOperation;Lorg/gradle/internal/operations/BuildOperationWorker;Lorg/gradle/internal/operations/DefaultBuildOperationExecutor$BuildOperationState;)V (27 bytes) @ 0x000000010c422d3c [0x000000010c422c00+0x13c]
j  org.gradle.internal.operations.DefaultBuildOperationExecutor.call(Lorg/gradle/internal/operations/CallableBuildOperation;)Ljava/lang/Object;+16
j  org.gradle.internal.operations.DelegatingBuildOperationExecutor.call(Lorg/gradle/internal/operations/CallableBuildOperation;)Ljava/lang/Object;+5
j  org.gradle.api.internal.tasks.execution.EventFiringTaskExecuter.execute(Lorg/gradle/api/internal/TaskInternal;Lorg/gradle/api/internal/tasks/TaskStateInternal;Lorg/gradle/api/internal/tasks/TaskExecutionContext;)Lorg/gradle/api/internal/tasks/TaskExecuterResult;+15
j  org.gradle.execution.plan.LocalTaskNodeExecutor.execute(Lorg/gradle/execution/plan/Node;Lorg/gradle/execution/ProjectExecutionServiceRegistry;)Z+95
j  org.gradle.execution.taskgraph.DefaultTaskExecutionGraph$InvokeNodeExecutorsAction.execute(Lorg/gradle/execution/plan/Node;)V+35
j  org.gradle.execution.taskgraph.DefaultTaskExecutionGraph$InvokeNodeExecutorsAction.execute(Ljava/lang/Object;)V+5
j  org.gradle.execution.taskgraph.DefaultTaskExecutionGraph$BuildOperationAwareExecutionAction.execute(Lorg/gradle/execution/plan/Node;)V+22
j  org.gradle.execution.taskgraph.DefaultTaskExecutionGraph$BuildOperationAwareExecutionAction.execute(Ljava/lang/Object;)V+5
j  org.gradle.execution.plan.DefaultPlanExecutor$ExecutorWorker$1.execute(Lorg/gradle/execution/plan/Node;)V+31
j  org.gradle.execution.plan.DefaultPlanExecutor$ExecutorWorker$1.execute(Ljava/lang/Object;)V+5
j  org.gradle.execution.plan.DefaultPlanExecutor$ExecutorWorker.execute(Lorg/gradle/execution/plan/Node;Lorg/gradle/internal/work/WorkerLeaseRegistry$WorkerLease;Lorg/gradle/api/Action;)V+9
j  org.gradle.execution.plan.DefaultPlanExecutor$ExecutorWorker.executeNextNode(Lorg/gradle/internal/work/WorkerLeaseRegistry$WorkerLease;Lorg/gradle/api/Action;)Z+54
j  org.gradle.execution.plan.DefaultPlanExecutor$ExecutorWorker.run()V+41
J 5391 C1 org.gradle.internal.concurrent.ManagedExecutorImpl$1.run()V (59 bytes) @ 0x000000010be2e584 [0x000000010be2e060+0x524]
J 9076 C1 java.util.concurrent.ThreadPoolExecutor.runWorker(Ljava/util/concurrent/ThreadPoolExecutor$Worker;)V (225 bytes) @ 0x000000010c618914 [0x000000010c6178e0+0x1034]
j  java.util.concurrent.ThreadPoolExecutor$Worker.run()V+5
j  org.gradle.internal.concurrent.ThreadFactoryImpl$ManagedThreadRunnable.run()V+7
j  java.lang.Thread.run()V+11
v  ~StubRoutines::call_stub
V  [libjvm.dylib+0x2ecf06]  JavaCalls::call_helper(JavaValue*, methodHandle*, JavaCallArguments*, Thread*)+0x6ae
V  [libjvm.dylib+0x2ed694]  JavaCalls::call_virtual(JavaValue*, KlassHandle, Symbol*, Symbol*, JavaCallArguments*, Thread*)+0x164
V  [libjvm.dylib+0x2ed840]  JavaCalls::call_virtual(JavaValue*, Handle, KlassHandle, Symbol*, Symbol*, Thread*)+0x4a
V  [libjvm.dylib+0x348029]  thread_entry(JavaThread*, Thread*)+0x7c
V  [libjvm.dylib+0x5695ab]  JavaThread::thread_main_inner()+0x9b
V  [libjvm.dylib+0x56ac98]  JavaThread::run()+0x1c2
V  [libjvm.dylib+0x48933a]  java_start(Thread*)+0xf6
C  [libsystem_pthread.dylib+0x3661]  _pthread_body+0x154
C  [libsystem_pthread.dylib+0x350d]  _pthread_body+0x0
C  [libsystem_pthread.dylib+0x2bf9]  thread_start+0xd
C  0x0000000000000000

Java frames: (J=compiled Java code, j=interpreted, Vv=VM code)
j  org.springframework.boot.gradle.tasks.bundling.BootJar_Decorated.getEntryCompression()Lorg/gradle/api/tasks/bundling/ZipEntryCompression;+10
v  ~StubRoutines::call_stub
J 1445  sun.reflect.NativeMethodAccessorImpl.invoke0(Ljava/lang/reflect/Method;Ljava/lang/Object;[Ljava/lang/Object;)Ljava/lang/Object; (0 bytes) @ 0x000000010ba7e537 [0x000000010ba7e4c0+0x77]
J 1444 C1 sun.reflect.NativeMethodAccessorImpl.invoke(Ljava/lang/Object;[Ljava/lang/Object;)Ljava/lang/Object; (104 bytes) @ 0x000000010ba7fb54 [0x000000010ba7e980+0x11d4]
J 5290 C2 java.lang.reflect.Method.invoke(Ljava/lang/Object;[Ljava/lang/Object;)Ljava/lang/Object; (62 bytes) @ 0x000000010bf3e408 [0x000000010bf3e380+0x88]
j  org.gradle.api.internal.tasks.properties.bean.AbstractNestedRuntimeBeanNode$BeanPropertyValue$1$1.create()Ljava/lang/Object;+24
J 7902 C1 org.gradle.util.SingleMessageLogger.whileDisabled(Lorg/gradle/internal/Factory;)Ljava/lang/Object; (42 bytes) @ 0x000000010c9d8f4c [0x000000010c9d8a20+0x52c]
J 7917 C1 org.gradle.api.internal.tasks.properties.bean.AbstractNestedRuntimeBeanNode$BeanPropertyValue$1.get()Ljava/lang/Object; (12 bytes) @ 0x000000010c9dfe8c [0x000000010c9dfd20+0x16c]
J 7018 C1 com.google.common.base.Suppliers$NonSerializableMemoizingSupplier.get()Ljava/lang/Object; (62 bytes) @ 0x000000010c71cf44 [0x000000010c71cca0+0x2a4]
J 8596 C1 org.gradle.api.internal.tasks.properties.bean.AbstractNestedRuntimeBeanNode$BeanPropertyValue.call()Ljava/lang/Object; (33 bytes) @ 0x000000010c08168c [0x000000010c081580+0x10c]
j  org.gradle.api.internal.tasks.properties.AbstractValidatingProperty.validate(Lorg/gradle/api/internal/tasks/TaskValidationContext;)V+4
j  org.gradle.api.internal.tasks.properties.DefaultTaskProperties.validate(Lorg/gradle/api/internal/tasks/TaskValidationContext;)V+31
j  org.gradle.api.internal.tasks.execution.ValidatingTaskExecuter.execute(Lorg/gradle/api/internal/TaskInternal;Lorg/gradle/api/internal/tasks/TaskStateInternal;Lorg/gradle/api/internal/tasks/TaskExecutionContext;)Lorg/gradle/api/internal/tasks/TaskExecuterResult;+46
j  org.gradle.api.internal.tasks.execution.SkipEmptySourceFilesTaskExecuter.execute(Lorg/gradle/api/internal/TaskInternal;Lorg/gradle/api/internal/tasks/TaskStateInternal;Lorg/gradle/api/internal/tasks/TaskExecutionContext;)Lorg/gradle/api/internal/tasks/TaskExecuterResult;+292
j  org.gradle.api.internal.tasks.execution.ResolveBeforeExecutionOutputsTaskExecuter.execute(Lorg/gradle/api/internal/TaskInternal;Lorg/gradle/api/internal/tasks/TaskStateInternal;Lorg/gradle/api/internal/tasks/TaskExecutionContext;)Lorg/gradle/api/internal/tasks/TaskExecuterResult;+89
j  org.gradle.api.internal.tasks.execution.ResolveAfterPreviousExecutionStateTaskExecuter.execute(Lorg/gradle/api/internal/TaskInternal;Lorg/gradle/api/internal/tasks/TaskStateInternal;Lorg/gradle/api/internal/tasks/TaskExecutionContext;)Lorg/gradle/api/internal/tasks/TaskExecuterResult;+34
j  org.gradle.api.internal.tasks.execution.CleanupStaleOutputsExecuter.execute(Lorg/gradle/api/internal/TaskInternal;Lorg/gradle/api/internal/tasks/TaskStateInternal;Lorg/gradle/api/internal/tasks/TaskExecutionContext;)Lorg/gradle/api/internal/tasks/TaskExecuterResult;+188
j  org.gradle.api.internal.tasks.execution.FinalizePropertiesTaskExecuter.execute(Lorg/gradle/api/internal/TaskInternal;Lorg/gradle/api/internal/tasks/TaskStateInternal;Lorg/gradle/api/internal/tasks/TaskExecutionContext;)Lorg/gradle/api/internal/tasks/TaskExecuterResult;+61
j  org.gradle.api.internal.tasks.execution.ResolveTaskExecutionModeExecuter.execute(Lorg/gradle/api/internal/TaskInternal;Lorg/gradle/api/internal/tasks/TaskStateInternal;Lorg/gradle/api/internal/tasks/TaskExecutionContext;)Lorg/gradle/api/internal/tasks/TaskExecuterResult;+99
j  org.gradle.api.internal.tasks.execution.SkipTaskWithNoActionsExecuter.execute(Lorg/gradle/api/internal/TaskInternal;Lorg/gradle/api/internal/tasks/TaskStateInternal;Lorg/gradle/api/internal/tasks/TaskExecutionContext;)Lorg/gradle/api/internal/tasks/TaskExecuterResult;+120
j  org.gradle.api.internal.tasks.execution.SkipOnlyIfTaskExecuter.execute(Lorg/gradle/api/internal/TaskInternal;Lorg/gradle/api/internal/tasks/TaskStateInternal;Lorg/gradle/api/internal/tasks/TaskExecutionContext;)Lorg/gradle/api/internal/tasks/TaskExecuterResult;+91
j  org.gradle.api.internal.tasks.execution.CatchExceptionTaskExecuter.execute(Lorg/gradle/api/internal/TaskInternal;Lorg/gradle/api/internal/tasks/TaskStateInternal;Lorg/gradle/api/internal/tasks/TaskExecutionContext;)Lorg/gradle/api/internal/tasks/TaskExecuterResult;+7
j  org.gradle.api.internal.tasks.execution.EventFiringTaskExecuter$1.executeTask(Lorg/gradle/internal/operations/BuildOperationContext;)Lorg/gradle/api/internal/tasks/TaskExecuterResult;+115
j  org.gradle.api.internal.tasks.execution.EventFiringTaskExecuter$1.call(Lorg/gradle/internal/operations/BuildOperationContext;)Lorg/gradle/api/internal/tasks/TaskExecuterResult;+2
j  org.gradle.api.internal.tasks.execution.EventFiringTaskExecuter$1.call(Lorg/gradle/internal/operations/BuildOperationContext;)Ljava/lang/Object;+2
j  org.gradle.internal.operations.DefaultBuildOperationExecutor$CallableBuildOperationWorker.execute(Lorg/gradle/internal/operations/CallableBuildOperation;Lorg/gradle/internal/operations/BuildOperationContext;)V+3
j  org.gradle.internal.operations.DefaultBuildOperationExecutor$CallableBuildOperationWorker.execute(Lorg/gradle/internal/operations/BuildOperation;Lorg/gradle/internal/operations/BuildOperationContext;)V+6
J 5649 C1 org.gradle.internal.operations.DefaultBuildOperationExecutor$1.execute(Lorg/gradle/internal/operations/BuildOperationDescriptor;Lorg/gradle/internal/operations/DefaultBuildOperationExecutor$DefaultBuildOperationContext;Lorg/gradle/internal/operations/DefaultBuildOperationExecutor$BuildOperationExecutionListener;)Lorg/gradle/internal/operations/BuildOperation; (82 bytes) @ 0x000000010c3562bc [0x000000010c356140+0x17c]
J 5585 C1 org.gradle.internal.operations.DefaultBuildOperationExecutor.execute(Lorg/gradle/internal/operations/BuildOperationDescriptor$Builder;Lorg/gradle/internal/operations/DefaultBuildOperationExecutor$BuildOperationState;Lorg/gradle/internal/operations/DefaultBuildOperationExecutor$BuildOperationExecution;)Lorg/gradle/internal/operations/BuildOperation; (111 bytes) @ 0x000000010c10c74c [0x000000010c10b7c0+0xf8c]
J 5926 C1 org.gradle.internal.operations.DefaultBuildOperationExecutor.execute(Lorg/gradle/internal/operations/BuildOperation;Lorg/gradle/internal/operations/BuildOperationWorker;Lorg/gradle/internal/operations/DefaultBuildOperationExecutor$BuildOperationState;)V (27 bytes) @ 0x000000010c422d3c [0x000000010c422c00+0x13c]
j  org.gradle.internal.operations.DefaultBuildOperationExecutor.call(Lorg/gradle/internal/operations/CallableBuildOperation;)Ljava/lang/Object;+16
j  org.gradle.internal.operations.DelegatingBuildOperationExecutor.call(Lorg/gradle/internal/operations/CallableBuildOperation;)Ljava/lang/Object;+5
j  org.gradle.api.internal.tasks.execution.EventFiringTaskExecuter.execute(Lorg/gradle/api/internal/TaskInternal;Lorg/gradle/api/internal/tasks/TaskStateInternal;Lorg/gradle/api/internal/tasks/TaskExecutionContext;)Lorg/gradle/api/internal/tasks/TaskExecuterResult;+15
j  org.gradle.execution.plan.LocalTaskNodeExecutor.execute(Lorg/gradle/execution/plan/Node;Lorg/gradle/execution/ProjectExecutionServiceRegistry;)Z+95
j  org.gradle.execution.taskgraph.DefaultTaskExecutionGraph$InvokeNodeExecutorsAction.execute(Lorg/gradle/execution/plan/Node;)V+35
j  org.gradle.execution.taskgraph.DefaultTaskExecutionGraph$InvokeNodeExecutorsAction.execute(Ljava/lang/Object;)V+5
j  org.gradle.execution.taskgraph.DefaultTaskExecutionGraph$BuildOperationAwareExecutionAction.execute(Lorg/gradle/execution/plan/Node;)V+22
j  org.gradle.execution.taskgraph.DefaultTaskExecutionGraph$BuildOperationAwareExecutionAction.execute(Ljava/lang/Object;)V+5
j  org.gradle.execution.plan.DefaultPlanExecutor$ExecutorWorker$1.execute(Lorg/gradle/execution/plan/Node;)V+31
j  org.gradle.execution.plan.DefaultPlanExecutor$ExecutorWorker$1.execute(Ljava/lang/Object;)V+5
j  org.gradle.execution.plan.DefaultPlanExecutor$ExecutorWorker.execute(Lorg/gradle/execution/plan/Node;Lorg/gradle/internal/work/WorkerLeaseRegistry$WorkerLease;Lorg/gradle/api/Action;)V+9
j  org.gradle.execution.plan.DefaultPlanExecutor$ExecutorWorker.executeNextNode(Lorg/gradle/internal/work/WorkerLeaseRegistry$WorkerLease;Lorg/gradle/api/Action;)Z+54
j  org.gradle.execution.plan.DefaultPlanExecutor$ExecutorWorker.run()V+41
J 5391 C1 org.gradle.internal.concurrent.ManagedExecutorImpl$1.run()V (59 bytes) @ 0x000000010be2e584 [0x000000010be2e060+0x524]
J 9076 C1 java.util.concurrent.ThreadPoolExecutor.runWorker(Ljava/util/concurrent/ThreadPoolExecutor$Worker;)V (225 bytes) @ 0x000000010c618914 [0x000000010c6178e0+0x1034]
j  java.util.concurrent.ThreadPoolExecutor$Worker.run()V+5
j  org.gradle.internal.concurrent.ThreadFactoryImpl$ManagedThreadRunnable.run()V+7
j  java.lang.Thread.run()V+11
v  ~StubRoutines::call_stub

---------------  P R O C E S S  ---------------

Java Threads: ( => current thread )
  0x00007fe9a9e5a000 JavaThread "Cache worker for Java compile cache (/Users/Daeun/Desktop/db-chart-generator/.gradle/5.4.1/javaCompile)" [_thread_blocked, id=38423, stack(0x000070000b000000,0x000070000b100000)]
  0x00007fe9a9ea7800 JavaThread "Cache worker for execution history cache (/Users/Daeun/Desktop/db-chart-generator/.gradle/5.4.1/executionHistory)" [_thread_blocked, id=38935, stack(0x000070000adfa000,0x000070000aefa000)]
  0x00007fe9a8d53000 JavaThread "Execution worker for ':' Thread 3" [_thread_blocked, id=27671, stack(0x000070000acf7000,0x000070000adf7000)]
  0x00007fe9a8d52800 JavaThread "Execution worker for ':' Thread 2" [_thread_blocked, id=29463, stack(0x000070000abf4000,0x000070000acf4000)]
=>0x00007fe9a9805800 JavaThread "Execution worker for ':'" [_thread_in_vm, id=40471, stack(0x000070000aaf1000,0x000070000abf1000)]
  0x00007fe9a9376000 JavaThread "Cache worker for file content cache (/Users/Daeun/Desktop/db-chart-generator/.gradle/5.4.1/fileContent)" [_thread_blocked, id=39191, stack(0x000070000a9ee000,0x000070000aaee000)]
  0x00007fe9a9375800 JavaThread "Cache worker for Build Output Cleanup Cache (/Users/Daeun/Desktop/db-chart-generator/.gradle/buildOutputCleanup)" [_thread_blocked, id=27927, stack(0x000070000a6e5000,0x000070000a7e5000)]
  0x00007fe9a9804800 JavaThread "Build operations Thread 4" [_thread_blocked, id=40987, stack(0x000070000a5e2000,0x000070000a6e2000)]
  0x00007fe9a8d51800 JavaThread "Build operations Thread 3" [_thread_blocked, id=26395, stack(0x000070000a4df000,0x000070000a5df000)]
  0x00007fe9a79f4800 JavaThread "Build operations Thread 2" [_thread_blocked, id=24855, stack(0x000070000a3dc000,0x000070000a4dc000)]
  0x00007fe9a8d37000 JavaThread "Build operations" [_thread_blocked, id=25883, stack(0x000070000a2d9000,0x000070000a3d9000)]
  0x00007fe9a9803800 JavaThread "Cache worker for cache directory md-rule (/Users/Daeun/.gradle/caches/5.4.1/md-rule)" [_thread_blocked, id=24603, stack(0x000070000a0d3000,0x000070000a1d3000)]
  0x00007fe9a3b3b000 JavaThread "Cache worker for cache directory md-supplier (/Users/Daeun/.gradle/caches/5.4.1/md-supplier)" [_thread_blocked, id=23319, stack(0x0000700009fd0000,0x000070000a0d0000)]
  0x00007fe9a9803000 JavaThread "Cache worker for file hash cache (/Users/Daeun/Desktop/db-chart-generator/.gradle/5.4.1/fileHashes)" [_thread_blocked, id=23063, stack(0x0000700009ecd000,0x0000700009fcd000)]
  0x00007fe9a7cff800 JavaThread "Thread-121" [_thread_blocked, id=22807, stack(0x0000700009ac1000,0x0000700009bc1000)]
  0x00007fe9a93f9000 JavaThread "Stdin handler" [_thread_blocked, id=4383, stack(0x00007000099be000,0x0000700009abe000)]
  0x00007fe9a9801800 JavaThread "Asynchronous log dispatcher for DefaultDaemonConnection: socket connection from /0:0:0:0:0:0:0:1:49682 to /0:0:0:0:0:0:0:1:49909" [_thread_blocked, id=22295, stack(0x00007000098bb000,0x00007000099bb000)]
  0x00007fe9a8d36000 JavaThread "Daemon worker Thread 6" [_thread_blocked, id=16151, stack(0x00007000097b8000,0x00007000098b8000)]
  0x00007fe9a7e59000 JavaThread "Cancel handler" [_thread_blocked, id=43031, stack(0x00007000096b5000,0x00007000097b5000)]
  0x00007fe9a8f08000 JavaThread "Handler for socket connection from /0:0:0:0:0:0:0:1:49682 to /0:0:0:0:0:0:0:1:49909" [_thread_in_native, id=22039, stack(0x00007000095b2000,0x00007000096b2000)]
  0x00007fe9a9800000 JavaThread "Daemon Thread 6" [_thread_blocked, id=16407, stack(0x00007000094af000,0x00007000095af000)]
  0x00007fe9a93c5800 JavaThread "Cache worker for Java compile cache (/Users/Daeun/.gradle/caches/5.4.1/javaCompile)" [_thread_blocked, id=28675, stack(0x000070000aefd000,0x000070000affd000)]
  0x00007fe9a9b1d800 JavaThread "Cache worker for file content cache (/Users/Daeun/.gradle/caches/5.4.1/fileContent)" [_thread_blocked, id=27139, stack(0x000070000a8eb000,0x000070000a9eb000)]
  0x00007fe9a9fb1800 JavaThread "Memory manager" [_thread_blocked, id=40195, stack(0x000070000a7e8000,0x000070000a8e8000)]
  0x00007fe9a6a20800 JavaThread "Cache worker for execution history cache (/Users/Daeun/.gradle/caches/5.4.1/executionHistory)" [_thread_blocked, id=41475, stack(0x000070000a1d6000,0x000070000a2d6000)]
  0x00007fe9a58ea000 JavaThread "Cache worker for journal cache (/Users/Daeun/.gradle/caches/journal-1)" [_thread_blocked, id=42243, stack(0x0000700009dca000,0x0000700009eca000)]
  0x00007fe9a590f000 JavaThread "File lock request listener" [_thread_in_native, id=24067, stack(0x0000700009cc7000,0x0000700009dc7000)]
  0x00007fe9a5954000 JavaThread "Cache worker for file hash cache (/Users/Daeun/.gradle/caches/5.4.1/fileHashes)" [_thread_blocked, id=23555, stack(0x0000700009bc4000,0x0000700009cc4000)]
  0x00007fe9a58bd000 JavaThread "Daemon periodic checks" [_thread_blocked, id=15619, stack(0x00007000093ac000,0x00007000094ac000)]
  0x00007fe9a4524000 JavaThread "Incoming local TCP Connector on port 49682" [_thread_in_native, id=16899, stack(0x00007000092a9000,0x00007000093a9000)]
  0x00007fe9a584f800 JavaThread "Daemon health stats" [_thread_blocked, id=15107, stack(0x00007000091a6000,0x00007000092a6000)]
  0x00007fe9a385d800 JavaThread "Service Thread" daemon [_thread_blocked, id=17667, stack(0x0000700008fa0000,0x00007000090a0000)]
  0x00007fe9a384e000 JavaThread "C1 CompilerThread2" daemon [_thread_blocked, id=18179, stack(0x0000700008e9d000,0x0000700008f9d000)]
  0x00007fe9a384d800 JavaThread "C2 CompilerThread1" daemon [_thread_in_native, id=14339, stack(0x0000700008d9a000,0x0000700008e9a000)]
  0x00007fe9a382c800 JavaThread "C2 CompilerThread0" daemon [_thread_in_native, id=13827, stack(0x0000700008c97000,0x0000700008d97000)]
  0x00007fe9a382b800 JavaThread "Signal Dispatcher" daemon [_thread_blocked, id=13319, stack(0x0000700008b94000,0x0000700008c94000)]
  0x00007fe9a3807000 JavaThread "Finalizer" daemon [_thread_blocked, id=20227, stack(0x0000700008a0e000,0x0000700008b0e000)]
  0x00007fe9a3804800 JavaThread "Reference Handler" daemon [_thread_blocked, id=20739, stack(0x000070000890b000,0x0000700008a0b000)]
  0x00007fe9a4802800 JavaThread "main" [_thread_blocked, id=10243, stack(0x00007000082f9000,0x00007000083f9000)]

Other Threads:
  0x00007fe9a402e000 VMThread [stack: 0x0000700008808000,0x0000700008908000] [id=20995]
  0x00007fe9a500f000 WatcherThread [stack: 0x00007000090a3000,0x00007000091a3000] [id=17411]

VM state:not at safepoint (normal execution)

VM Mutex/Monitor currently owned by a thread: None

Heap:
 PSYoungGen      total 138752K, used 45726K [0x00000007b5580000, 0x00000007c0000000, 0x00000007c0000000)
  eden space 114176K, 18% used [0x00000007b5580000,0x00000007b6a2a9c0,0x00000007bc500000)
  from space 24576K, 99% used [0x00000007be780000,0x00000007bff7cfb8,0x00000007bff80000)
  to   space 30208K, 0% used [0x00000007bc500000,0x00000007bc500000,0x00000007be280000)
 ParOldGen       total 175104K, used 48216K [0x00000007a0000000, 0x00000007aab00000, 0x00000007b5580000)
  object space 175104K, 27% used [0x00000007a0000000,0x00000007a2f16340,0x00000007aab00000)
 Metaspace       used 48796K, capacity 49994K, committed 50088K, reserved 1093632K
  class space    used 6537K, capacity 6793K, committed 6832K, reserved 1048576K

Card table byte_map: [0x000000010215d000,0x000000010225e000] byte_map_base: 0x00000000fe45d000

Marking Bits: (ParMarkBitMap*) 0x00000001016edd20
 Begin Bits: [0x0000000102309000, 0x0000000102b09000)
 End Bits:   [0x0000000102b09000, 0x0000000103309000)

Polling page: 0x000000010052a000

CodeCache: size=245760Kb used=26559Kb max_used=26570Kb free=219200Kb
 bounds [0x000000010b5e0000, 0x000000010d000000, 0x000000011a5e0000]
 total_blobs=9070 nmethods=8337 adapters=644
 compilation: enabled

Compilation events (10 events):
Event: 2405.562 Thread 0x00007fe9a382c800 nmethod 9836 0x000000010cff8ad0 code [0x000000010cff8e60, 0x000000010cffae18]
Event: 2405.563 Thread 0x00007fe9a382c800 9865       4       com.google.common.collect.ImmutableSet$Builder::build (165 bytes)
Event: 2405.570 Thread 0x00007fe9a384e000 9879       3       java.lang.invoke.MethodHandleNatives::refKindIsField (32 bytes)
Event: 2405.571 Thread 0x00007fe9a384e000 nmethod 9879 0x000000010cbdd0d0 code [0x000000010cbdd240, 0x000000010cbdd3f0]
Event: 2405.573 Thread 0x00007fe9a384e000 9881       3       java.lang.invoke.LambdaFormEditor$Transform::equals (32 bytes)
Event: 2405.573 Thread 0x00007fe9a384e000 nmethod 9881 0x000000010bf77990 code [0x000000010bf77b00, 0x000000010bf77d28]
Event: 2405.585 Thread 0x00007fe9a384e000 9883       3       java.util.TimSort::sort (229 bytes)
Event: 2405.587 Thread 0x00007fe9a384e000 nmethod 9883 0x000000010b7db990 code [0x000000010b7dbba0, 0x000000010b7dc298]
Event: 2405.587 Thread 0x00007fe9a384e000 9884       3       org.springframework.asm.ClassReader::readUnsignedShort (26 bytes)
Event: 2405.587 Thread 0x00007fe9a384e000 nmethod 9884 0x000000010b7db550 code [0x000000010b7db6c0, 0x000000010b7db870]

GC Heap History (10 events):
Event: 847.481 GC heap before
{Heap before GC invocations=16 (full 2):
 PSYoungGen      total 134656K, used 134640K [0x00000007b5580000, 0x00000007bfe80000, 0x00000007c0000000)
  eden space 119296K, 100% used [0x00000007b5580000,0x00000007bca00000,0x00000007bca00000)
  from space 15360K, 99% used [0x00000007bca00000,0x00000007bd8fc010,0x00000007bd900000)
  to   space 26624K, 0% used [0x00000007be480000,0x00000007be480000,0x00000007bfe80000)
 ParOldGen       total 175104K, used 36786K [0x00000007a0000000, 0x00000007aab00000, 0x00000007b5580000)
  object space 175104K, 21% used [0x00000007a0000000,0x00000007a23ecb88,0x00000007aab00000)
 Metaspace       used 47499K, capacity 48574K, committed 48680K, reserved 1091584K
  class space    used 6426K, capacity 6687K, committed 6704K, reserved 1048576K
Event: 847.522 GC heap after
Heap after GC invocations=16 (full 2):
 PSYoungGen      total 147456K, used 15570K [0x00000007b5580000, 0x00000007c0000000, 0x00000007c0000000)
  eden space 120832K, 0% used [0x00000007b5580000,0x00000007b5580000,0x00000007bcb80000)
  from space 26624K, 58% used [0x00000007be480000,0x00000007bf3b4af0,0x00000007bfe80000)
  to   space 25600K, 0% used [0x00000007bcb80000,0x00000007bcb80000,0x00000007be480000)
 ParOldGen       total 175104K, used 40423K [0x00000007a0000000, 0x00000007aab00000, 0x00000007b5580000)
  object space 175104K, 23% used [0x00000007a0000000,0x00000007a2779c30,0x00000007aab00000)
 Metaspace       used 47499K, capacity 48574K, committed 48680K, reserved 1091584K
  class space    used 6426K, capacity 6687K, committed 6704K, reserved 1048576K
}
Event: 847.975 GC heap before
{Heap before GC invocations=17 (full 2):
 PSYoungGen      total 147456K, used 136402K [0x00000007b5580000, 0x00000007c0000000, 0x00000007c0000000)
  eden space 120832K, 100% used [0x00000007b5580000,0x00000007bcb80000,0x00000007bcb80000)
  from space 26624K, 58% used [0x00000007be480000,0x00000007bf3b4af0,0x00000007bfe80000)
  to   space 25600K, 0% used [0x00000007bcb80000,0x00000007bcb80000,0x00000007be480000)
 ParOldGen       total 175104K, used 40423K [0x00000007a0000000, 0x00000007aab00000, 0x00000007b5580000)
  object space 175104K, 23% used [0x00000007a0000000,0x00000007a2779c30,0x00000007aab00000)
 Metaspace       used 47608K, capacity 48638K, committed 48680K, reserved 1091584K
  class space    used 6426K, capacity 6687K, committed 6704K, reserved 1048576K
Event: 847.991 GC heap after
Heap after GC invocations=17 (full 2):
 PSYoungGen      total 146432K, used 11088K [0x00000007b5580000, 0x00000007bfe00000, 0x00000007c0000000)
  eden space 120832K, 0% used [0x00000007b5580000,0x00000007b5580000,0x00000007bcb80000)
  from space 25600K, 43% used [0x00000007bcb80000,0x00000007bd654010,0x00000007be480000)
  to   space 25088K, 0% used [0x00000007be580000,0x00000007be580000,0x00000007bfe00000)
 ParOldGen       total 175104K, used 40431K [0x00000007a0000000, 0x00000007aab00000, 0x00000007b5580000)
  object space 175104K, 23% used [0x00000007a0000000,0x00000007a277bc30,0x00000007aab00000)
 Metaspace       used 47608K, capacity 48638K, committed 48680K, reserved 1091584K
  class space    used 6426K, capacity 6687K, committed 6704K, reserved 1048576K
}
Event: 2403.507 GC heap before
{Heap before GC invocations=18 (full 2):
 PSYoungGen      total 146432K, used 131920K [0x00000007b5580000, 0x00000007bfe00000, 0x00000007c0000000)
  eden space 120832K, 100% used [0x00000007b5580000,0x00000007bcb80000,0x00000007bcb80000)
  from space 25600K, 43% used [0x00000007bcb80000,0x00000007bd654010,0x00000007be480000)
  to   space 25088K, 0% used [0x00000007be580000,0x00000007be580000,0x00000007bfe00000)
 ParOldGen       total 175104K, used 40431K [0x00000007a0000000, 0x00000007aab00000, 0x00000007b5580000)
  object space 175104K, 23% used [0x00000007a0000000,0x00000007a277bc30,0x00000007aab00000)
 Metaspace       used 47889K, capacity 48974K, committed 49320K, reserved 1091584K
  class space    used 6439K, capacity 6711K, committed 6832K, reserved 1048576K
Event: 2403.638 GC heap after
Heap after GC invocations=18 (full 2):
 PSYoungGen      total 147968K, used 13850K [0x00000007b5580000, 0x00000007bfe80000, 0x00000007c0000000)
  eden space 122880K, 0% used [0x00000007b5580000,0x00000007b5580000,0x00000007bcd80000)
  from space 25088K, 55% used [0x00000007be580000,0x00000007bf306900,0x00000007bfe00000)
  to   space 24576K, 0% used [0x00000007bcd80000,0x00000007bcd80000,0x00000007be580000)
 ParOldGen       total 175104K, used 40907K [0x00000007a0000000, 0x00000007aab00000, 0x00000007b5580000)
  object space 175104K, 23% used [0x00000007a0000000,0x00000007a27f2c40,0x00000007aab00000)
 Metaspace       used 47889K, capacity 48974K, committed 49320K, reserved 1091584K
  class space    used 6439K, capacity 6711K, committed 6832K, reserved 1048576K
}
Event: 2404.441 GC heap before
{Heap before GC invocations=19 (full 2):
 PSYoungGen      total 147968K, used 136730K [0x00000007b5580000, 0x00000007bfe80000, 0x00000007c0000000)
  eden space 122880K, 100% used [0x00000007b5580000,0x00000007bcd80000,0x00000007bcd80000)
  from space 25088K, 55% used [0x00000007be580000,0x00000007bf306900,0x00000007bfe00000)
  to   space 24576K, 0% used [0x00000007bcd80000,0x00000007bcd80000,0x00000007be580000)
 ParOldGen       total 175104K, used 40907K [0x00000007a0000000, 0x00000007aab00000, 0x00000007b5580000)
  object space 175104K, 23% used [0x00000007a0000000,0x00000007a27f2c40,0x00000007aab00000)
 Metaspace       used 47950K, capacity 49038K, committed 49320K, reserved 1091584K
  class space    used 6439K, capacity 6711K, committed 6832K, reserved 1048576K
Event: 2404.481 GC heap after
Heap after GC invocations=19 (full 2):
 PSYoungGen      total 147456K, used 9104K [0x00000007b5580000, 0x00000007bff80000, 0x00000007c0000000)
  eden space 122880K, 0% used [0x00000007b5580000,0x00000007b5580000,0x00000007bcd80000)
  from space 24576K, 37% used [0x00000007bcd80000,0x00000007bd664010,0x00000007be580000)
  to   space 24576K, 0% used [0x00000007be780000,0x00000007be780000,0x00000007bff80000)
 ParOldGen       total 175104K, used 40915K [0x00000007a0000000, 0x00000007aab00000, 0x00000007b5580000)
  object space 175104K, 23% used [0x00000007a0000000,0x00000007a27f4c40,0x00000007aab00000)
 Metaspace       used 47950K, capacity 49038K, committed 49320K, reserved 1091584K
  class space    used 6439K, capacity 6711K, committed 6832K, reserved 1048576K
}
Event: 2405.187 GC heap before
{Heap before GC invocations=20 (full 2):
 PSYoungGen      total 147456K, used 131984K [0x00000007b5580000, 0x00000007bff80000, 0x00000007c0000000)
  eden space 122880K, 100% used [0x00000007b5580000,0x00000007bcd80000,0x00000007bcd80000)
  from space 24576K, 37% used [0x00000007bcd80000,0x00000007bd664010,0x00000007be580000)
  to   space 24576K, 0% used [0x00000007be780000,0x00000007be780000,0x00000007bff80000)
 ParOldGen       total 175104K, used 40915K [0x00000007a0000000, 0x00000007aab00000, 0x00000007b5580000)
  object space 175104K, 23% used [0x00000007a0000000,0x00000007a27f4c40,0x00000007aab00000)
 Metaspace       used 48273K, capacity 49442K, committed 49576K, reserved 1091584K
  class space    used 6468K, capacity 6715K, committed 6832K, reserved 1048576K
Event: 2405.282 GC heap after
Heap after GC invocations=20 (full 2):
 PSYoungGen      total 138752K, used 24563K [0x00000007b5580000, 0x00000007c0000000, 0x00000007c0000000)
  eden space 114176K, 0% used [0x00000007b5580000,0x00000007b5580000,0x00000007bc500000)
  from space 24576K, 99% used [0x00000007be780000,0x00000007bff7cfb8,0x00000007bff80000)
  to   space 30208K, 0% used [0x00000007bc500000,0x00000007bc500000,0x00000007be280000)
 ParOldGen       total 175104K, used 48216K [0x00000007a0000000, 0x00000007aab00000, 0x00000007b5580000)
  object space 175104K, 27% used [0x00000007a0000000,0x00000007a2f16340,0x00000007aab00000)
 Metaspace       used 48273K, capacity 49442K, committed 49576K, reserved 1091584K
  class space    used 6468K, capacity 6715K, committed 6832K, reserved 1048576K
}

Deoptimization events (10 events):
Event: 2404.786 Thread 0x00007fe9a9805800 Uncommon trap: reason=predicate action=maybe_recompile pc=0x000000010cbbe5c8 method=java.util.ComparableTimSort.mergeLo(IIII)V @ 147
Event: 2404.902 Thread 0x00007fe9a9805800 Uncommon trap: reason=unstable_if action=reinterpret pc=0x000000010c1b03b4 method=java.lang.ref.SoftReference.get()Ljava/lang/Object; @ 6
Event: 2404.903 Thread 0x00007fe9a9805800 Uncommon trap: reason=unstable_if action=reinterpret pc=0x000000010c2a7fb8 method=java.util.zip.ZipFile$ZipFileInputStream.read([BII)I @ 24
Event: 2404.941 Thread 0x00007fe9a9804800 Uncommon trap: reason=unstable_if action=reinterpret pc=0x000000010c4ae998 method=java.util.concurrent.locks.AbstractQueuedSynchronizer.enq(Ljava/util/concurrent/locks/AbstractQueuedSynchronizer$Node;)Ljava/util/concurrent/locks/AbstractQueuedSynchronizer
Event: 2404.999 Thread 0x00007fe9a93c5800 Uncommon trap: reason=unstable_if action=reinterpret pc=0x000000010c2f4d04 method=com.esotericsoftware.kryo.io.Input.require(I)I @ 65
Event: 2405.175 Thread 0x00007fe9a9e5a000 Uncommon trap: reason=unstable_if action=reinterpret pc=0x000000010c59c158 method=com.esotericsoftware.kryo.io.Output.writeString(Ljava/lang/CharSequence;)V @ 50
Event: 2405.175 Thread 0x00007fe9a9e5a000 Uncommon trap: reason=unstable_if action=reinterpret pc=0x000000010bf1a374 method=com.esotericsoftware.kryo.io.Output.writeString(Ljava/lang/CharSequence;)V @ 50
Event: 2405.461 Thread 0x00007fe9a9ea7800 Uncommon trap: reason=null_check action=make_not_entrant pc=0x000000010cbed90c method=com.google.common.collect.MapMakerInternalMap$WeakKeyDummyValueEntry$Helper.newEntry(Lcom/google/common/collect/MapMakerInternalMap$Segment;Ljava/lang/Object;ILcom/googl
Event: 2405.478 Thread 0x00007fe9a9805800 Uncommon trap: reason=unstable_if action=reinterpret pc=0x000000010cfc8304 method=com.google.common.collect.ImmutableSet.construct(I[Ljava/lang/Object;)Lcom/google/common/collect/ImmutableSet; @ 146
Event: 2405.564 Thread 0x00007fe9a9805800 Uncommon trap: reason=null_check action=make_not_entrant pc=0x000000010cffa274 method=com.google.common.collect.MapMakerInternalMap$StrongKeyWeakValueEntry$Helper.newEntry(Lcom/google/common/collect/MapMakerInternalMap$Segment;Ljava/lang/Object;ILcom/goog

Internal exceptions (10 events):
Event: 781.454 Thread 0x00007fe9a79c2000 Exception <a 'java/io/FileNotFoundException'> (0x00000007b8ce09d8) thrown at [/HUDSON3/workspace/8-2-build-macosx-x86_64/jdk8u101/7261/hotspot/src/share/vm/prims/jni.cpp, line 709]
Event: 781.580 Thread 0x00007fe9a79c2000 Exception <a 'java/lang/reflect/InvocationTargetException'> (0x00000007ba18e008) thrown at [/HUDSON3/workspace/8-2-build-macosx-x86_64/jdk8u101/7261/hotspot/src/share/vm/runtime/reflection.cpp, line 1092]
Event: 848.222 Thread 0x00007fe9a9378000 Exception <a 'java/io/FileNotFoundException'> (0x00000007b8e5c0e8) thrown at [/HUDSON3/workspace/8-2-build-macosx-x86_64/jdk8u101/7261/hotspot/src/share/vm/prims/jni.cpp, line 709]
Event: 848.225 Thread 0x00007fe9a9378000 Exception <a 'java/io/FileNotFoundException'> (0x00000007b8e8dc30) thrown at [/HUDSON3/workspace/8-2-build-macosx-x86_64/jdk8u101/7261/hotspot/src/share/vm/prims/jni.cpp, line 709]
Event: 848.361 Thread 0x00007fe9a9378000 Exception <a 'java/lang/reflect/InvocationTargetException'> (0x00000007ba315fc8) thrown at [/HUDSON3/workspace/8-2-build-macosx-x86_64/jdk8u101/7261/hotspot/src/share/vm/runtime/reflection.cpp, line 1092]
Event: 848.373 Thread 0x00007fe9a7ff6800 Implicit null exception at 0x000000010cbde3df to 0x000000010cbe581d
Event: 2404.775 Thread 0x00007fe9a9805800 Exception <a 'java/io/FileNotFoundException'> (0x00000007b97c6070) thrown at [/HUDSON3/workspace/8-2-build-macosx-x86_64/jdk8u101/7261/hotspot/src/share/vm/prims/jni.cpp, line 709]
Event: 2404.778 Thread 0x00007fe9a9805800 Exception <a 'java/io/FileNotFoundException'> (0x00000007b97f7bf0) thrown at [/HUDSON3/workspace/8-2-build-macosx-x86_64/jdk8u101/7261/hotspot/src/share/vm/prims/jni.cpp, line 709]
Event: 2404.902 Thread 0x00007fe9a9805800 Implicit null exception at 0x000000010c1a7779 to 0x000000010c1b0381
Event: 2405.570 Thread 0x00007fe9a9805800 Exception <a 'java/lang/NoSuchMethodError': java.lang.Object.lambda$comparing$77a9974f$1(Ljava/util/function/Function;Ljava/lang/Object;Ljava/lang/Object;)I> (0x00000007b6894e78) thrown at [/HUDSON3/workspace/8-2-build-macosx-x86_64/jdk8u101/7261/hotspot/

Events (10 events):
Event: 2405.582 loading class org/springframework/asm/Context
Event: 2405.582 loading class org/springframework/asm/Context done
Event: 2405.583 loading class org/springframework/boot/loader/tools/MainClassFinder$MainClass
Event: 2405.583 loading class org/springframework/boot/loader/tools/MainClassFinder$MainClass done
Event: 2405.587 loading class org/gradle/api/InvalidUserDataException
Event: 2405.587 loading class org/gradle/api/InvalidUserDataException done
Event: 2405.587 loading class org/gradle/api/InvalidUserDataException
Event: 2405.587 loading class org/gradle/api/InvalidUserDataException done
Event: 2405.587 loading class org/gradle/api/InvalidUserDataException
Event: 2405.587 loading class org/gradle/api/InvalidUserDataException done


Dynamic libraries:
0x000000000991d000 	/System/Library/Frameworks/Cocoa.framework/Versions/A/Cocoa
0x000000000991d000 	/System/Library/Frameworks/Security.framework/Versions/A/Security
0x000000000991d000 	/System/Library/Frameworks/ApplicationServices.framework/Versions/A/ApplicationServices
0x000000000991d000 	/usr/lib/libz.1.dylib
0x000000000991d000 	/usr/lib/libSystem.B.dylib
0x000000000991d000 	/usr/lib/libobjc.A.dylib
0x000000000991d000 	/System/Library/Frameworks/CoreFoundation.framework/Versions/A/CoreFoundation
0x000000000991d000 	/System/Library/Frameworks/Foundation.framework/Versions/C/Foundation
0x000000000991d000 	/System/Library/Frameworks/AppKit.framework/Versions/C/AppKit
0x000000000991d000 	/System/Library/Frameworks/CoreData.framework/Versions/A/CoreData
0x000000000991d000 	/System/Library/PrivateFrameworks/RemoteViewServices.framework/Versions/A/RemoteViewServices
0x000000000991d000 	/System/Library/PrivateFrameworks/UIFoundation.framework/Versions/A/UIFoundation
0x000000000991d000 	/System/Library/PrivateFrameworks/DFRFoundation.framework/Versions/A/DFRFoundation
0x000000000991d000 	/System/Library/Frameworks/Metal.framework/Versions/A/Metal
0x000000000991d000 	/System/Library/PrivateFrameworks/DesktopServicesPriv.framework/Versions/A/DesktopServicesPriv
0x000000000991d000 	/usr/lib/libenergytrace.dylib
0x000000000991d000 	/System/Library/PrivateFrameworks/SkyLight.framework/Versions/A/SkyLight
0x000000000991d000 	/System/Library/Frameworks/CoreGraphics.framework/Versions/A/CoreGraphics
0x000000000991d000 	/usr/lib/libScreenReader.dylib
0x000000000991d000 	/System/Library/Frameworks/Accelerate.framework/Versions/A/Accelerate
0x000000000991d000 	/System/Library/Frameworks/IOSurface.framework/Versions/A/IOSurface
0x000000000991d000 	/System/Library/Frameworks/AudioToolbox.framework/Versions/A/AudioToolbox
0x000000000991d000 	/System/Library/Frameworks/AudioUnit.framework/Versions/A/AudioUnit
0x000000000991d000 	/System/Library/PrivateFrameworks/DataDetectorsCore.framework/Versions/A/DataDetectorsCore
0x000000000991d000 	/System/Library/Frameworks/Carbon.framework/Versions/A/Frameworks/HIToolbox.framework/Versions/A/HIToolbox
0x000000000991d000 	/usr/lib/libicucore.A.dylib
0x000000000991d000 	/System/Library/Frameworks/QuartzCore.framework/Versions/A/QuartzCore
0x000000000991d000 	/System/Library/PrivateFrameworks/SignpostNotification.framework/Versions/A/SignpostNotification
0x000000000991d000 	/System/Library/Frameworks/Carbon.framework/Versions/A/Frameworks/SpeechRecognition.framework/Versions/A/SpeechRecognition
0x000000000991d000 	/usr/lib/libauto.dylib
0x000000000991d000 	/usr/lib/libxml2.2.dylib
0x000000000991d000 	/System/Library/PrivateFrameworks/CoreUI.framework/Versions/A/CoreUI
0x000000000991d000 	/System/Library/Frameworks/CoreAudio.framework/Versions/A/CoreAudio
0x000000000991d000 	/System/Library/Frameworks/DiskArbitration.framework/Versions/A/DiskArbitration
0x000000000991d000 	/usr/lib/liblangid.dylib
0x000000000991d000 	/System/Library/PrivateFrameworks/MultitouchSupport.framework/Versions/A/MultitouchSupport
0x000000000991d000 	/System/Library/Frameworks/IOKit.framework/Versions/A/IOKit
0x000000000991d000 	/usr/lib/libDiagnosticMessagesClient.dylib
0x000000000991d000 	/System/Library/Frameworks/CoreServices.framework/Versions/A/CoreServices
0x000000000991d000 	/System/Library/PrivateFrameworks/PerformanceAnalysis.framework/Versions/A/PerformanceAnalysis
0x000000000991d000 	/System/Library/Frameworks/OpenGL.framework/Versions/A/OpenGL
0x000000000991d000 	/System/Library/Frameworks/ColorSync.framework/Versions/A/ColorSync
0x000000000991d000 	/System/Library/Frameworks/CoreImage.framework/Versions/A/CoreImage
0x000000000991d000 	/System/Library/Frameworks/CoreText.framework/Versions/A/CoreText
0x000000000991d000 	/System/Library/Frameworks/ImageIO.framework/Versions/A/ImageIO
0x000000000991d000 	/System/Library/PrivateFrameworks/Backup.framework/Versions/A/Backup
0x000000000991d000 	/usr/lib/libarchive.2.dylib
0x000000000991d000 	/System/Library/Frameworks/CFNetwork.framework/Versions/A/CFNetwork
0x000000000991d000 	/System/Library/Frameworks/SystemConfiguration.framework/Versions/A/SystemConfiguration
0x000000000991d000 	/usr/lib/libCRFSuite.dylib
0x000000000991d000 	/usr/lib/libc++.1.dylib
0x000000000991d000 	/usr/lib/libc++abi.dylib
0x000000000991d000 	/usr/lib/system/libcache.dylib
0x000000000991d000 	/usr/lib/system/libcommonCrypto.dylib
0x000000000991d000 	/usr/lib/system/libcompiler_rt.dylib
0x000000000991d000 	/usr/lib/system/libcopyfile.dylib
0x000000000991d000 	/usr/lib/system/libcorecrypto.dylib
0x000000000991d000 	/usr/lib/system/libdispatch.dylib
0x000000000991d000 	/usr/lib/system/libdyld.dylib
0x000000000991d000 	/usr/lib/system/libkeymgr.dylib
0x000000000991d000 	/usr/lib/system/liblaunch.dylib
0x000000000991d000 	/usr/lib/system/libmacho.dylib
0x000000000991d000 	/usr/lib/system/libquarantine.dylib
0x000000000991d000 	/usr/lib/system/libremovefile.dylib
0x000000000991d000 	/usr/lib/system/libsystem_asl.dylib
0x000000000991d000 	/usr/lib/system/libsystem_blocks.dylib
0x000000000991d000 	/usr/lib/system/libsystem_c.dylib
0x000000000991d000 	/usr/lib/system/libsystem_configuration.dylib
0x000000000991d000 	/usr/lib/system/libsystem_coreservices.dylib
0x000000000991d000 	/usr/lib/system/libsystem_darwin.dylib
0x000000000991d000 	/usr/lib/system/libsystem_dnssd.dylib
0x000000000991d000 	/usr/lib/system/libsystem_info.dylib
0x000000000991d000 	/usr/lib/system/libsystem_m.dylib
0x000000000991d000 	/usr/lib/system/libsystem_malloc.dylib
0x000000000991d000 	/usr/lib/system/libsystem_network.dylib
0x000000000991d000 	/usr/lib/system/libsystem_networkextension.dylib
0x000000000991d000 	/usr/lib/system/libsystem_notify.dylib
0x000000000991d000 	/usr/lib/system/libsystem_sandbox.dylib
0x000000000991d000 	/usr/lib/system/libsystem_secinit.dylib
0x000000000991d000 	/usr/lib/system/libsystem_kernel.dylib
0x000000000991d000 	/usr/lib/system/libsystem_platform.dylib
0x000000000991d000 	/usr/lib/system/libsystem_pthread.dylib
0x000000000991d000 	/usr/lib/system/libsystem_symptoms.dylib
0x000000000991d000 	/usr/lib/system/libsystem_trace.dylib
0x000000000991d000 	/usr/lib/system/libunwind.dylib
0x000000000991d000 	/usr/lib/system/libxpc.dylib
0x000000000991d000 	/usr/lib/closure/libclosured.dylib
0x000000000991d000 	/usr/lib/libbsm.0.dylib
0x000000000991d000 	/usr/lib/system/libkxld.dylib
0x000000000991d000 	/usr/lib/libOpenScriptingUtil.dylib
0x000000000991d000 	/usr/lib/libcoretls.dylib
0x000000000991d000 	/usr/lib/libcoretls_cfhelpers.dylib
0x000000000991d000 	/usr/lib/libpam.2.dylib
0x000000000991d000 	/usr/lib/libsqlite3.dylib
0x000000000991d000 	/usr/lib/libxar.1.dylib
0x000000000991d000 	/usr/lib/libbz2.1.0.dylib
0x000000000991d000 	/usr/lib/liblzma.5.dylib
0x000000000991d000 	/usr/lib/libnetwork.dylib
0x000000000991d000 	/usr/lib/libapple_nghttp2.dylib
0x000000000991d000 	/usr/lib/libpcap.A.dylib
0x000000000991d000 	/usr/lib/libboringssl.dylib
0x000000000991d000 	/usr/lib/libusrtcp.dylib
0x000000000991d000 	/usr/lib/libapple_crypto.dylib
0x000000000991d000 	/System/Library/Frameworks/CoreServices.framework/Versions/A/Frameworks/FSEvents.framework/Versions/A/FSEvents
0x000000000991d000 	/System/Library/Frameworks/CoreServices.framework/Versions/A/Frameworks/CarbonCore.framework/Versions/A/CarbonCore
0x000000000991d000 	/System/Library/Frameworks/CoreServices.framework/Versions/A/Frameworks/Metadata.framework/Versions/A/Metadata
0x000000000991d000 	/System/Library/Frameworks/CoreServices.framework/Versions/A/Frameworks/OSServices.framework/Versions/A/OSServices
0x000000000991d000 	/System/Library/Frameworks/CoreServices.framework/Versions/A/Frameworks/SearchKit.framework/Versions/A/SearchKit
0x000000000991d000 	/System/Library/Frameworks/CoreServices.framework/Versions/A/Frameworks/AE.framework/Versions/A/AE
0x000000000991d000 	/System/Library/Frameworks/CoreServices.framework/Versions/A/Frameworks/LaunchServices.framework/Versions/A/LaunchServices
0x000000000991d000 	/System/Library/Frameworks/CoreServices.framework/Versions/A/Frameworks/DictionaryServices.framework/Versions/A/DictionaryServices
0x000000000991d000 	/System/Library/Frameworks/CoreServices.framework/Versions/A/Frameworks/SharedFileList.framework/Versions/A/SharedFileList
0x000000000991d000 	/System/Library/Frameworks/NetFS.framework/Versions/A/NetFS
0x000000000991d000 	/System/Library/PrivateFrameworks/NetAuth.framework/Versions/A/NetAuth
0x000000000991d000 	/System/Library/PrivateFrameworks/login.framework/Versions/A/Frameworks/loginsupport.framework/Versions/A/loginsupport
0x000000000991d000 	/System/Library/PrivateFrameworks/TCC.framework/Versions/A/TCC
0x000000000991d000 	/usr/lib/libmecabra.dylib
0x000000000991d000 	/System/Library/Frameworks/ApplicationServices.framework/Versions/A/Frameworks/ATS.framework/Versions/A/ATS
0x000000000991d000 	/System/Library/Frameworks/ApplicationServices.framework/Versions/A/Frameworks/ColorSyncLegacy.framework/Versions/A/ColorSyncLegacy
0x000000000991d000 	/System/Library/Frameworks/ApplicationServices.framework/Versions/A/Frameworks/HIServices.framework/Versions/A/HIServices
0x000000000991d000 	/System/Library/Frameworks/ApplicationServices.framework/Versions/A/Frameworks/LangAnalysis.framework/Versions/A/LangAnalysis
0x000000000991d000 	/System/Library/Frameworks/ApplicationServices.framework/Versions/A/Frameworks/PrintCore.framework/Versions/A/PrintCore
0x000000000991d000 	/System/Library/Frameworks/ApplicationServices.framework/Versions/A/Frameworks/QD.framework/Versions/A/QD
0x000000000991d000 	/System/Library/Frameworks/ApplicationServices.framework/Versions/A/Frameworks/SpeechSynthesis.framework/Versions/A/SpeechSynthesis
0x000000000991d000 	/System/Library/Frameworks/CoreDisplay.framework/Versions/A/CoreDisplay
0x000000000991d000 	/System/Library/Frameworks/Accelerate.framework/Versions/A/Frameworks/vImage.framework/Versions/A/vImage
0x000000000991d000 	/System/Library/Frameworks/Accelerate.framework/Versions/A/Frameworks/vecLib.framework/Versions/A/vecLib
0x000000000991d000 	/System/Library/Frameworks/Accelerate.framework/Versions/A/Frameworks/vecLib.framework/Versions/A/libvDSP.dylib
0x000000000991d000 	/System/Library/Frameworks/Accelerate.framework/Versions/A/Frameworks/vecLib.framework/Versions/A/libBNNS.dylib
0x000000000991d000 	/System/Library/Frameworks/Accelerate.framework/Versions/A/Frameworks/vecLib.framework/Versions/A/libQuadrature.dylib
0x000000000991d000 	/System/Library/Frameworks/Accelerate.framework/Versions/A/Frameworks/vecLib.framework/Versions/A/libvMisc.dylib
0x000000000991d000 	/System/Library/Frameworks/Accelerate.framework/Versions/A/Frameworks/vecLib.framework/Versions/A/libLAPACK.dylib
0x000000000991d000 	/System/Library/Frameworks/Accelerate.framework/Versions/A/Frameworks/vecLib.framework/Versions/A/libBLAS.dylib
0x000000000991d000 	/System/Library/Frameworks/Accelerate.framework/Versions/A/Frameworks/vecLib.framework/Versions/A/libLinearAlgebra.dylib
0x000000000991d000 	/System/Library/Frameworks/Accelerate.framework/Versions/A/Frameworks/vecLib.framework/Versions/A/libSparse.dylib
0x000000000991d000 	/System/Library/Frameworks/Accelerate.framework/Versions/A/Frameworks/vecLib.framework/Versions/A/libSparseBLAS.dylib
0x000000000991d000 	/System/Library/PrivateFrameworks/GPUWrangler.framework/Versions/A/GPUWrangler
0x000000000991d000 	/System/Library/PrivateFrameworks/IOAccelerator.framework/Versions/A/IOAccelerator
0x000000000991d000 	/System/Library/PrivateFrameworks/IOPresentment.framework/Versions/A/IOPresentment
0x000000000991d000 	/System/Library/PrivateFrameworks/DSExternalDisplay.framework/Versions/A/DSExternalDisplay
0x000000000991d000 	/System/Library/Frameworks/OpenGL.framework/Versions/A/Libraries/libCoreFSCache.dylib
0x000000000991d000 	/System/Library/Frameworks/CoreVideo.framework/Versions/A/CoreVideo
0x000000000991d000 	/System/Library/PrivateFrameworks/GraphVisualizer.framework/Versions/A/GraphVisualizer
0x000000000991d000 	/System/Library/Frameworks/MetalPerformanceShaders.framework/Versions/A/MetalPerformanceShaders
0x000000000991d000 	/usr/lib/libFosl_dynamic.dylib
0x000000000991d000 	/System/Library/PrivateFrameworks/FaceCore.framework/Versions/A/FaceCore
0x000000000991d000 	/System/Library/Frameworks/OpenCL.framework/Versions/A/OpenCL
0x000000000991d000 	/usr/lib/libcompression.dylib
0x000000000991d000 	/System/Library/Frameworks/ApplicationServices.framework/Versions/A/Frameworks/ATS.framework/Versions/A/Resources/libFontParser.dylib
0x000000000991d000 	/System/Library/Frameworks/ApplicationServices.framework/Versions/A/Frameworks/ATS.framework/Versions/A/Resources/libFontRegistry.dylib
0x000000000991d000 	/System/Library/Frameworks/ImageIO.framework/Versions/A/Resources/libJPEG.dylib
0x000000000991d000 	/System/Library/Frameworks/ImageIO.framework/Versions/A/Resources/libTIFF.dylib
0x000000000991d000 	/System/Library/Frameworks/ImageIO.framework/Versions/A/Resources/libPng.dylib
0x000000000991d000 	/System/Library/Frameworks/ImageIO.framework/Versions/A/Resources/libGIF.dylib
0x000000000991d000 	/System/Library/Frameworks/ImageIO.framework/Versions/A/Resources/libJP2.dylib
0x000000000991d000 	/System/Library/Frameworks/ImageIO.framework/Versions/A/Resources/libRadiance.dylib
0x000000000991d000 	/System/Library/PrivateFrameworks/AppleJPEG.framework/Versions/A/AppleJPEG
0x000000000991d000 	/System/Library/Frameworks/MetalPerformanceShaders.framework/Frameworks/MPSCore.framework/Versions/A/MPSCore
0x000000000991d000 	/System/Library/Frameworks/MetalPerformanceShaders.framework/Frameworks/MPSImage.framework/Versions/A/MPSImage
0x000000000991d000 	/System/Library/Frameworks/MetalPerformanceShaders.framework/Frameworks/MPSNeuralNetwork.framework/Versions/A/MPSNeuralNetwork
0x000000000991d000 	/System/Library/Frameworks/MetalPerformanceShaders.framework/Frameworks/MPSMatrix.framework/Versions/A/MPSMatrix
0x000000000991d000 	/System/Library/PrivateFrameworks/MetalTools.framework/Versions/A/MetalTools
0x000000000991d000 	/System/Library/Frameworks/OpenGL.framework/Versions/A/Libraries/libGLU.dylib
0x000000000991d000 	/System/Library/Frameworks/OpenGL.framework/Versions/A/Libraries/libGFXShared.dylib
0x000000000991d000 	/System/Library/Frameworks/OpenGL.framework/Versions/A/Libraries/libGL.dylib
0x000000000991d000 	/System/Library/Frameworks/OpenGL.framework/Versions/A/Libraries/libGLImage.dylib
0x000000000991d000 	/System/Library/Frameworks/OpenGL.framework/Versions/A/Libraries/libCVMSPluginSupport.dylib
0x000000000991d000 	/System/Library/Frameworks/OpenGL.framework/Versions/A/Libraries/libCoreVMClient.dylib
0x000000000991d000 	/usr/lib/libcups.2.dylib
0x000000000991d000 	/System/Library/Frameworks/Kerberos.framework/Versions/A/Kerberos
0x000000000991d000 	/System/Library/Frameworks/GSS.framework/Versions/A/GSS
0x000000000991d000 	/usr/lib/libresolv.9.dylib
0x000000000991d000 	/usr/lib/libiconv.2.dylib
0x000000000991d000 	/System/Library/PrivateFrameworks/Heimdal.framework/Versions/A/Heimdal
0x000000000991d000 	/usr/lib/libheimdal-asn1.dylib
0x000000000991d000 	/System/Library/Frameworks/OpenDirectory.framework/Versions/A/OpenDirectory
0x000000000991d000 	/System/Library/PrivateFrameworks/CommonAuth.framework/Versions/A/CommonAuth
0x000000000991d000 	/System/Library/Frameworks/OpenDirectory.framework/Versions/A/Frameworks/CFOpenDirectory.framework/Versions/A/CFOpenDirectory
0x000000000991d000 	/System/Library/Frameworks/SecurityFoundation.framework/Versions/A/SecurityFoundation
0x000000000991d000 	/System/Library/PrivateFrameworks/APFS.framework/Versions/A/APFS
0x000000000991d000 	/usr/lib/libutil.dylib
0x000000000991d000 	/System/Library/PrivateFrameworks/AppleSauce.framework/Versions/A/AppleSauce
0x000000000991d000 	/System/Library/PrivateFrameworks/LinguisticData.framework/Versions/A/LinguisticData
0x000000000991d000 	/usr/lib/libmarisa.dylib
0x000000000991d000 	/System/Library/PrivateFrameworks/Lexicon.framework/Versions/A/Lexicon
0x000000000991d000 	/usr/lib/libChineseTokenizer.dylib
0x000000000991d000 	/usr/lib/libcmph.dylib
0x000000000991d000 	/System/Library/PrivateFrameworks/LanguageModeling.framework/Versions/A/LanguageModeling
0x000000000991d000 	/System/Library/PrivateFrameworks/CoreEmoji.framework/Versions/A/CoreEmoji
0x000000000991d000 	/System/Library/Frameworks/ServiceManagement.framework/Versions/A/ServiceManagement
0x000000000991d000 	/System/Library/PrivateFrameworks/BackgroundTaskManagement.framework/Versions/A/BackgroundTaskManagement
0x000000000991d000 	/usr/lib/libxslt.1.dylib
0x000000000991d000 	/System/Library/Frameworks/Carbon.framework/Versions/A/Frameworks/Ink.framework/Versions/A/Ink
0x000000000991d000 	/System/Library/PrivateFrameworks/TextureIO.framework/Versions/A/TextureIO
0x000000000991d000 	/usr/lib/libate.dylib
0x000000000991d000 	/System/Library/PrivateFrameworks/CrashReporterSupport.framework/Versions/A/CrashReporterSupport
0x000000000991d000 	/System/Library/PrivateFrameworks/Sharing.framework/Versions/A/Sharing
0x000000000991d000 	/System/Library/PrivateFrameworks/IconServices.framework/Versions/A/IconServices
0x000000000991d000 	/System/Library/PrivateFrameworks/AuthKit.framework/Versions/A/AuthKit
0x000000000991d000 	/System/Library/PrivateFrameworks/Apple80211.framework/Versions/A/Apple80211
0x000000000991d000 	/System/Library/PrivateFrameworks/CoreUtils.framework/Versions/A/CoreUtils
0x000000000991d000 	/System/Library/Frameworks/CoreWLAN.framework/Versions/A/CoreWLAN
0x000000000991d000 	/System/Library/Frameworks/IOBluetooth.framework/Versions/A/IOBluetooth
0x000000000991d000 	/System/Library/PrivateFrameworks/ProtocolBuffer.framework/Versions/A/ProtocolBuffer
0x000000000991d000 	/System/Library/PrivateFrameworks/MobileKeyBag.framework/Versions/A/MobileKeyBag
0x000000000991d000 	/System/Library/PrivateFrameworks/CorePhoneNumbers.framework/Versions/A/CorePhoneNumbers
0x000000000991d000 	/System/Library/PrivateFrameworks/AppleIDAuthSupport.framework/Versions/A/AppleIDAuthSupport
0x000000000991d000 	/System/Library/PrivateFrameworks/KeychainCircle.framework/Versions/A/KeychainCircle
0x000000000991d000 	/System/Library/PrivateFrameworks/CoreWiFi.framework/Versions/A/CoreWiFi
0x000000000991d000 	/System/Library/Frameworks/CoreBluetooth.framework/Versions/A/CoreBluetooth
0x000000000991d000 	/System/Library/PrivateFrameworks/DebugSymbols.framework/Versions/A/DebugSymbols
0x000000000991d000 	/System/Library/PrivateFrameworks/CoreSymbolication.framework/Versions/A/CoreSymbolication
0x000000000991d000 	/System/Library/PrivateFrameworks/Symbolication.framework/Versions/A/Symbolication
0x000000000991d000 	/System/Library/PrivateFrameworks/AppleFSCompression.framework/Versions/A/AppleFSCompression
0x000000000991d000 	/System/Library/PrivateFrameworks/SpeechRecognitionCore.framework/Versions/A/SpeechRecognitionCore
0x0000000100e00000 	/Library/Java/JavaVirtualMachines/jdk1.8.0_101.jdk/Contents/Home/jre/lib/server/libjvm.dylib
0x000000000991d000 	/usr/lib/libstdc++.6.0.9.dylib
0x00000001004e7000 	/Library/Java/JavaVirtualMachines/jdk1.8.0_101.jdk/Contents/Home/jre/lib/libverify.dylib
0x00000001004f5000 	/Library/Java/JavaVirtualMachines/jdk1.8.0_101.jdk/Contents/Home/jre/lib/libjava.dylib
0x0000000100574000 	/Library/Java/JavaVirtualMachines/jdk1.8.0_101.jdk/Contents/Home/jre/lib/libzip.dylib
0x000000000991d000 	/System/Library/Frameworks/JavaVM.framework/Versions/A/Frameworks/JavaRuntimeSupport.framework/Versions/A/JavaRuntimeSupport
0x000000000991d000 	/System/Library/Frameworks/JavaVM.framework/Versions/A/Frameworks/JavaNativeFoundation.framework/Versions/A/JavaNativeFoundation
0x000000000991d000 	/System/Library/Frameworks/JavaVM.framework/Versions/A/JavaVM
0x000000000991d000 	/System/Library/Frameworks/Carbon.framework/Versions/A/Carbon
0x000000000991d000 	/System/Library/PrivateFrameworks/JavaLaunching.framework/Versions/A/JavaLaunching
0x000000000991d000 	/System/Library/Frameworks/Carbon.framework/Versions/A/Frameworks/CommonPanels.framework/Versions/A/CommonPanels
0x000000000991d000 	/System/Library/Frameworks/Carbon.framework/Versions/A/Frameworks/Help.framework/Versions/A/Help
0x000000000991d000 	/System/Library/Frameworks/Carbon.framework/Versions/A/Frameworks/ImageCapture.framework/Versions/A/ImageCapture
0x000000000991d000 	/System/Library/Frameworks/Carbon.framework/Versions/A/Frameworks/OpenScripting.framework/Versions/A/OpenScripting
0x000000000991d000 	/System/Library/Frameworks/Carbon.framework/Versions/A/Frameworks/Print.framework/Versions/A/Print
0x000000000991d000 	/System/Library/Frameworks/Carbon.framework/Versions/A/Frameworks/SecurityHI.framework/Versions/A/SecurityHI
0x0000000106e33000 	/Library/Java/JavaVirtualMachines/jdk1.8.0_101.jdk/Contents/Home/jre/lib/libnet.dylib
0x0000000106ed5000 	/Library/Java/JavaVirtualMachines/jdk1.8.0_101.jdk/Contents/Home/jre/lib/libnio.dylib
0x0000000106f71000 	/Users/Daeun/.gradle/native/29/osx-amd64/libnative-platform.dylib
0x000000010742a000 	/Library/Java/JavaVirtualMachines/jdk1.8.0_101.jdk/Contents/Home/jre/lib/libmanagement.dylib

VM Arguments:
jvm_args: -XX:MaxMetaspaceSize=256m -XX:+HeapDumpOnOutOfMemoryError -Xms256m -Xmx512m -Dfile.encoding=UTF-8 -Duser.country=US -Duser.language=en -Duser.variant 
java_command: org.gradle.launcher.daemon.bootstrap.GradleDaemon 5.4.1
java_class_path (initial): /Users/Daeun/.gradle/wrapper/dists/gradle-5.4.1-bin/e75iq110yv9r9wt1a6619x2xm/gradle-5.4.1/lib/gradle-launcher-5.4.1.jar
Launcher Type: SUN_STANDARD

Environment Variables:
PATH=/usr/local/Cellar/smlnj/110.84:/Library/Frameworks/Python.framework/Versions/3.7/bin:/Library/Frameworks/Python.framework/Versions/2.7/bin:/Library/Frameworks/Python.framework/Versions/3.6/bin:/opt/local/bin:/opt/local/sbin:/usr/local/bin:/usr/bin:/bin:/usr/sbin:/sbin:/Applications/VMware Fusion.app/Contents/Public:/Library/TeX/texbin:/Library/Frameworks/Mono.framework/Versions/Current/Commands
SHELL=/bin/bash

Signal Handlers:
SIGSEGV: [libjvm.dylib+0x5af145], sa_mask[0]=11111111011111110111111111111111, sa_flags=SA_ONSTACK|SA_RESTART|SA_SIGINFO
SIGBUS: [libjvm.dylib+0x5af145], sa_mask[0]=11111111011111110111111111111111, sa_flags=SA_RESTART|SA_SIGINFO
SIGFPE: [libjvm.dylib+0x48694c], sa_mask[0]=11111111011111110111111111111111, sa_flags=SA_RESTART|SA_SIGINFO
SIGPIPE: [libjvm.dylib+0x48694c], sa_mask[0]=11111111011111110111111111111111, sa_flags=SA_RESTART|SA_SIGINFO
SIGXFSZ: [libjvm.dylib+0x48694c], sa_mask[0]=11111111011111110111111111111111, sa_flags=SA_RESTART|SA_SIGINFO
SIGILL: [libjvm.dylib+0x48694c], sa_mask[0]=11111111011111110111111111111111, sa_flags=SA_RESTART|SA_SIGINFO
SIGUSR1: SIG_DFL, sa_mask[0]=11011111011111100000000111000110, sa_flags=none
SIGUSR2: [libjvm.dylib+0x48646a], sa_mask[0]=00100000000000000000000000000000, sa_flags=SA_RESTART|SA_SIGINFO
SIGHUP: [libjvm.dylib+0x484a41], sa_mask[0]=11111111011111110111111111111111, sa_flags=SA_RESTART|SA_SIGINFO
SIGINT: [libjvm.dylib+0x484a41], sa_mask[0]=11111111011111110111111111111111, sa_flags=SA_RESTART|SA_SIGINFO
SIGTERM: [libjvm.dylib+0x484a41], sa_mask[0]=11111111011111110111111111111111, sa_flags=SA_RESTART|SA_SIGINFO
SIGQUIT: [libjvm.dylib+0x484a41], sa_mask[0]=11111111011111110111111111111111, sa_flags=SA_RESTART|SA_SIGINFO


---------------  S Y S T E M  ---------------

OS:Bsduname:Darwin 17.7.0 Darwin Kernel Version 17.7.0: Thu Jun 21 22:53:14 PDT 2018; root:xnu-4570.71.2~1/RELEASE_X86_64 x86_64
rlimit: STACK 8192k, CORE 0k, NPROC 709, NOFILE 10240, AS infinity
load average:2.31 1.98 1.94

CPU:total 4 (2 cores per cpu, 2 threads per core) family 6 model 69 stepping 1, cmov, cx8, fxsr, mmx, sse, sse2, sse3, ssse3, sse4.1, sse4.2, popcnt, avx, avx2, aes, clmul, erms, lzcnt, ht, tsc, tscinvbit, bmi1, bmi2

Memory: 4k page, physical 4194304k(24460k free)

/proc/meminfo:


vm_info: Java HotSpot(TM) 64-Bit Server VM (25.101-b13) for bsd-amd64 JRE (1.8.0_101-b13), built on Jun 22 2016 02:42:15 by "java_re" with gcc 4.2.1 (Based on Apple Inc. build 5658) (LLVM build 2336.11.00)

time: Mon Jul 15 10:24:11 2019
elapsed time: 2405 seconds (0d 0h 40m 5s)

